#
# There is insufficient memory for the Java Runtime Environment to continue.
# Native memory allocation (malloc) failed to allocate 87536 bytes for Chunk::new
# Possible reasons:
#   The system is out of physical RAM or swap space
#   The process is running with CompressedOops enabled, and the Java Heap may be blocking the growth of the native heap
# Possible solutions:
#   Reduce memory load on the system
#   Increase physical memory or swap space
#   Check if swap backing store is full
#   Decrease Java heap size (-Xmx/-Xms)
#   Decrease number of Java threads
#   Decrease Java thread stack sizes (-Xss)
#   Set larger code cache with -XX:ReservedCodeCacheSize=
#   JVM is running with Zero Based Compressed Oops mode in which the Java heap is
#     placed in the first 32GB address space. The Java Heap base address is the
#     maximum limit for the native heap growth. Please use -XX:HeapBaseMinAddress
#     to set the Java Heap base and to place the Java Heap above 32GB virtual address.
# This output file may be truncated or incomplete.
#
#  Out of Memory Error (t:/workspace/open/src/hotspot/share/memory/arena.cpp:198), pid=64168, tid=50336
#
# JRE version: Java(TM) SE Runtime Environment (10.0.2+13) (build 10.0.2+13)
# Java VM: Java HotSpot(TM) 64-Bit Server VM (10.0.2+13, mixed mode, tiered, compressed oops, g1 gc, windows-amd64)
# No core dump will be written. Minidumps are not enabled by default on client versions of Windows
#

---------------  S U M M A R Y ------------

Command Line: -Dfile.encoding=UTF-8 Operator

Host: AMD Ryzen 7 3700X 8-Core Processor             , 16 cores, 15G,  Windows 10 , 64 bit Build 18362 (10.0.18362.778)
Time: Sat Jun 06 03:38:03 2020 ¢¥eCN©öI¡¾©ö C¡ÍA¨ª¨öA elapsed time: 646 seconds (0d 0h 10m 46s)

---------------  T H R E A D  ---------------

Current thread (0x000001c446ea6800):  JavaThread "C2 CompilerThread7" daemon [_thread_in_native, id=50336, stack(0x000000387b400000,0x000000387b500000)]


Current CompileTask:
C2: 646196 1768       4       java.util.HashMap$KeyIterator::next (8 bytes)

Stack: [0x000000387b400000,0x000000387b500000]
Native frames: (J=compiled Java code, j=interpreted, Vv=VM code, C=native code)
V  [jvm.dll+0x5a01a9]
V  [jvm.dll+0x6bcf31]
V  [jvm.dll+0x6be126]
V  [jvm.dll+0x6be7b3]
V  [jvm.dll+0x234978]
V  [jvm.dll+0xbb69c]
V  [jvm.dll+0xbbbac]
V  [jvm.dll+0x34bee1]
V  [jvm.dll+0x3110aa]
V  [jvm.dll+0x31063a]
V  [jvm.dll+0x1ffe91]
V  [jvm.dll+0x1ff116]
V  [jvm.dll+0x17c94b]
V  [jvm.dll+0x20c8dd]
V  [jvm.dll+0x20b6a6]
V  [jvm.dll+0x68b7ff]
V  [jvm.dll+0x59f4b0]
C  [msvcr120.dll+0x24f7f]
C  [msvcr120.dll+0x25126]
C  [KERNEL32.DLL+0x17bd4]
C  [ntdll.dll+0x6ce51]


---------------  P R O C E S S  ---------------

Threads class SMR info:
_java_thread_list=0x000001c4479185c0, length=26, elements={
0x000001c446dde000, 0x000001c446df0000, 0x000001c446de7000, 0x000001c446e42800,
0x000001c446e43000, 0x000001c446e47000, 0x000001c446e4b000, 0x000001c446e57800,
0x000001c446e58800, 0x000001c446e92800, 0x000001c446ea5800, 0x000001c446ea6800,
0x000001c446ed6000, 0x000001c446eef000, 0x000001c446ef7800, 0x000001c446f02800,
0x000001c446f19800, 0x000001c446fee800, 0x000001c447040800, 0x000001c4475dc000,
0x000001c447560000, 0x000001c447563800, 0x000001c44c2bd800, 0x000001c422c54000,
0x000001c44c056000, 0x000001c44c551800
}

Java Threads: ( => current thread )
  0x000001c446dde000 JavaThread "Reference Handler" daemon [_thread_blocked, id=6444, stack(0x000000387a900000,0x000000387aa00000)]
  0x000001c446df0000 JavaThread "Finalizer" daemon [_thread_blocked, id=31608, stack(0x000000387aa00000,0x000000387ab00000)]
  0x000001c446de7000 JavaThread "Signal Dispatcher" daemon [_thread_blocked, id=68008, stack(0x000000387ab00000,0x000000387ac00000)]
  0x000001c446e42800 JavaThread "Attach Listener" daemon [_thread_blocked, id=68144, stack(0x000000387ac00000,0x000000387ad00000)]
  0x000001c446e43000 JavaThread "C2 CompilerThread0" daemon [_thread_blocked, id=61984, stack(0x000000387ad00000,0x000000387ae00000)]
  0x000001c446e47000 JavaThread "C2 CompilerThread1" daemon [_thread_blocked, id=14368, stack(0x000000387ae00000,0x000000387af00000)]
  0x000001c446e4b000 JavaThread "C2 CompilerThread2" daemon [_thread_blocked, id=47900, stack(0x000000387af00000,0x000000387b000000)]
  0x000001c446e57800 JavaThread "C2 CompilerThread3" daemon [_thread_blocked, id=59660, stack(0x000000387b000000,0x000000387b100000)]
  0x000001c446e58800 JavaThread "C2 CompilerThread4" daemon [_thread_blocked, id=21432, stack(0x000000387b100000,0x000000387b200000)]
  0x000001c446e92800 JavaThread "C2 CompilerThread5" daemon [_thread_blocked, id=66988, stack(0x000000387b200000,0x000000387b300000)]
  0x000001c446ea5800 JavaThread "C2 CompilerThread6" daemon [_thread_blocked, id=56780, stack(0x000000387b300000,0x000000387b400000)]
=>0x000001c446ea6800 JavaThread "C2 CompilerThread7" daemon [_thread_in_native, id=50336, stack(0x000000387b400000,0x000000387b500000)]
  0x000001c446ed6000 JavaThread "C1 CompilerThread8" daemon [_thread_blocked, id=4704, stack(0x000000387b500000,0x000000387b600000)]
  0x000001c446eef000 JavaThread "C1 CompilerThread9" daemon [_thread_blocked, id=51136, stack(0x000000387b600000,0x000000387b700000)]
  0x000001c446ef7800 JavaThread "C1 CompilerThread10" daemon [_thread_blocked, id=60280, stack(0x000000387b700000,0x000000387b800000)]
  0x000001c446f02800 JavaThread "C1 CompilerThread11" daemon [_thread_blocked, id=62836, stack(0x000000387b800000,0x000000387b900000)]
  0x000001c446f19800 JavaThread "Sweeper thread" daemon [_thread_blocked, id=67936, stack(0x000000387b900000,0x000000387ba00000)]
  0x000001c446fee800 JavaThread "Service Thread" daemon [_thread_blocked, id=3068, stack(0x000000387ba00000,0x000000387bb00000)]
  0x000001c447040800 JavaThread "Common-Cleaner" daemon [_thread_blocked, id=25184, stack(0x000000387bb00000,0x000000387bc00000)]
  0x000001c4475dc000 JavaThread "Java2D Disposer" daemon [_thread_blocked, id=9936, stack(0x000000387bd00000,0x000000387be00000)]
  0x000001c447560000 JavaThread "AWT-Shutdown" [_thread_blocked, id=67944, stack(0x000000387be00000,0x000000387bf00000)]
  0x000001c447563800 JavaThread "AWT-Windows" daemon [_thread_in_native, id=66644, stack(0x000000387bf00000,0x000000387c000000)]
  0x000001c44c2bd800 JavaThread "AWT-EventQueue-0" [_thread_blocked, id=50472, stack(0x000000387c300000,0x000000387c400000)]
  0x000001c422c54000 JavaThread "DestroyJavaVM" [_thread_blocked, id=55976, stack(0x0000003878800000,0x0000003878900000)]
  0x000001c44c056000 JavaThread "D3D Screen Updater" daemon [_thread_blocked, id=67348, stack(0x000000387c800000,0x000000387c900000)]
  0x000001c44c551800 JavaThread "TimerQueue" daemon [_thread_blocked, id=59096, stack(0x000000387c900000,0x000000387ca00000)]

Other Threads:
  0x000001c446dae800 VMThread "VM Thread" [stack: 0x000000387a800000,0x000000387a900000] [id=62220]
  0x000001c447043800 WatcherThread [stack: 0x000000387bc00000,0x000000387bd00000] [id=26692]
  0x000001c422c6f000 GCTaskThread "GC Thread#0" [stack: 0x0000003878900000,0x0000003878a00000] [id=67488]
  0x000001c422c70800 GCTaskThread "GC Thread#1" [stack: 0x0000003878a00000,0x0000003878b00000] [id=67824]
  0x000001c422c72800 GCTaskThread "GC Thread#2" [stack: 0x0000003878b00000,0x0000003878c00000] [id=9036]
  0x000001c422c75800 GCTaskThread "GC Thread#3" [stack: 0x0000003878c00000,0x0000003878d00000] [id=67540]
  0x000001c422c77000 GCTaskThread "GC Thread#4" [stack: 0x0000003878d00000,0x0000003878e00000] [id=63536]
  0x000001c422c7b000 GCTaskThread "GC Thread#5" [stack: 0x0000003878e00000,0x0000003878f00000] [id=52212]
  0x000001c422c7c800 GCTaskThread "GC Thread#6" [stack: 0x0000003878f00000,0x0000003879000000] [id=36028]
  0x000001c422c7e800 GCTaskThread "GC Thread#7" [stack: 0x0000003879000000,0x0000003879100000] [id=65260]
  0x000001c422c80000 GCTaskThread "GC Thread#8" [stack: 0x0000003879100000,0x0000003879200000] [id=68364]
  0x000001c422c82000 GCTaskThread "GC Thread#9" [stack: 0x0000003879200000,0x0000003879300000] [id=43296]
  0x000001c422c84800 GCTaskThread "GC Thread#10" [stack: 0x0000003879300000,0x0000003879400000] [id=56580]
  0x000001c422c90000 GCTaskThread "GC Thread#11" [stack: 0x0000003879400000,0x0000003879500000] [id=66192]
  0x000001c422c91000 GCTaskThread "GC Thread#12" [stack: 0x0000003879500000,0x0000003879600000] [id=65888]
  0x000001c422cdd000 ConcurrentGCThread "G1 Main Marker" [stack: 0x0000003879600000,0x0000003879700000] [id=20916]
  0x000001c422cde800 ConcurrentGCThread "G1 Conc#0" [stack: 0x0000003879700000,0x0000003879800000] [id=68088]
  0x000001c422cdf800 ConcurrentGCThread "G1 Conc#1" [stack: 0x0000003879800000,0x0000003879900000] [id=67908]
  0x000001c422ce0800 ConcurrentGCThread "G1 Conc#2" [stack: 0x0000003879900000,0x0000003879a00000] [id=29804]
  0x000001c422d2d800 ConcurrentGCThread "G1 Refine#0" [stack: 0x0000003879a00000,0x0000003879b00000] [id=50004]
  0x000001c422d2e800 ConcurrentGCThread "G1 Refine#1" [stack: 0x0000003879b00000,0x0000003879c00000] [id=53984]
  0x000001c443576800 ConcurrentGCThread "G1 Refine#2" [stack: 0x0000003879c00000,0x0000003879d00000] [id=62952]
  0x000001c443577000 ConcurrentGCThread "G1 Refine#3" [stack: 0x0000003879d00000,0x0000003879e00000] [id=7724]
  0x000001c443578000 ConcurrentGCThread "G1 Refine#4" [stack: 0x0000003879e00000,0x0000003879f00000] [id=51260]
  0x000001c443580800 ConcurrentGCThread "G1 Refine#5" [stack: 0x0000003879f00000,0x000000387a000000] [id=22496]
  0x000001c44358b800 ConcurrentGCThread "G1 Refine#6" [stack: 0x000000387a000000,0x000000387a100000] [id=65704]
  0x000001c44358d000 ConcurrentGCThread "G1 Refine#7" [stack: 0x000000387a100000,0x000000387a200000] [id=65640]
  0x000001c443594000 ConcurrentGCThread "G1 Refine#8" [stack: 0x000000387a200000,0x000000387a300000] [id=65512]
  0x000001c443594800 ConcurrentGCThread "G1 Refine#9" [stack: 0x000000387a300000,0x000000387a400000] [id=66640]
  0x000001c443597000 ConcurrentGCThread "G1 Refine#10" [stack: 0x000000387a400000,0x000000387a500000] [id=51784]
  0x000001c443598000 ConcurrentGCThread "G1 Refine#11" [stack: 0x000000387a500000,0x000000387a600000] [id=68316]
  0x000001c443599800 ConcurrentGCThread "G1 Refine#12" [stack: 0x000000387a600000,0x000000387a700000] [id=41076]
  0x000001c44359e000 ConcurrentGCThread "G1 Young RemSet Sampling" [stack: 0x000000387a700000,0x000000387a800000] [id=66688]

Threads with active compile tasks:
C2 CompilerThread71768       4       java.util.HashMap$KeyIterator::next (8 bytes)

VM state:not at safepoint (normal execution)

VM Mutex/Monitor currently owned by a thread: None

Heap address: 0x00000006c0c00000, size: 4084 MB, Compressed Oops mode: Zero based, Oop shift amount: 3
Narrow klass base: 0x0000000000000000, Narrow klass shift: 3
Compressed class space size: 1073741824 Address: 0x00000007c0000000

Heap:
 garbage-first heap   total 262144K, used 9617K [0x00000006c0c00000, 0x00000007c0000000)
  region size 1024K, 8 young (8192K), 3 survivors (3072K)
 Metaspace       used 16176K, capacity 16569K, committed 16768K, reserved 1064960K
  class space    used 1877K, capacity 2088K, committed 2176K, reserved 1048576K
Heap Regions: E=young(eden), S=young(survivor), O=old, HS=humongous(starts), HC=humongous(continues), CS=collection set, F=free, A=archive, TS=gc time stamp, AC=allocation context, TAMS=top-at-mark-start (previous, next)
|   0|0x00000006c0c00000, 0x00000006c0d00000, 0x00000006c0d00000|100%| O|  |TS  1|AC  0|TAMS 0x00000006c0c00000, 0x00000006c0c00000|
|   1|0x00000006c0d00000, 0x00000006c0d64400, 0x00000006c0e00000| 39%| O|  |TS  1|AC  0|TAMS 0x00000006c0d00000, 0x00000006c0d00000|
|   2|0x00000006c0e00000, 0x00000006c0f00000, 0x00000006c0f00000|100%|HS|  |TS  0|AC  0|TAMS 0x00000006c0e00000, 0x00000006c0e00000|
|   3|0x00000006c0f00000, 0x00000006c0f00000, 0x00000006c1000000|  0%| F|  |TS  0|AC  0|TAMS 0x00000006c0f00000, 0x00000006c0f00000|
|   4|0x00000006c1000000, 0x00000006c1000000, 0x00000006c1100000|  0%| F|  |TS  0|AC  0|TAMS 0x00000006c1000000, 0x00000006c1000000|
|   5|0x00000006c1100000, 0x00000006c1100000, 0x00000006c1200000|  0%| F|  |TS  0|AC  0|TAMS 0x00000006c1100000, 0x00000006c1100000|
|   6|0x00000006c1200000, 0x00000006c1200000, 0x00000006c1300000|  0%| F|  |TS  0|AC  0|TAMS 0x00000006c1200000, 0x00000006c1200000|
|   7|0x00000006c1300000, 0x00000006c1300000, 0x00000006c1400000|  0%| F|  |TS  0|AC  0|TAMS 0x00000006c1300000, 0x00000006c1300000|
|   8|0x00000006c1400000, 0x00000006c1400000, 0x00000006c1500000|  0%| F|  |TS  0|AC  0|TAMS 0x00000006c1400000, 0x00000006c1400000|
|   9|0x00000006c1500000, 0x00000006c1500000, 0x00000006c1600000|  0%| F|  |TS  0|AC  0|TAMS 0x00000006c1500000, 0x00000006c1500000|
|  10|0x00000006c1600000, 0x00000006c1600000, 0x00000006c1700000|  0%| F|  |TS  0|AC  0|TAMS 0x00000006c1600000, 0x00000006c1600000|
|  11|0x00000006c1700000, 0x00000006c1700000, 0x00000006c1800000|  0%| F|  |TS  0|AC  0|TAMS 0x00000006c1700000, 0x00000006c1700000|
|  12|0x00000006c1800000, 0x00000006c1800000, 0x00000006c1900000|  0%| F|  |TS  0|AC  0|TAMS 0x00000006c1800000, 0x00000006c1800000|
|  13|0x00000006c1900000, 0x00000006c1900000, 0x00000006c1a00000|  0%| F|  |TS  0|AC  0|TAMS 0x00000006c1900000, 0x00000006c1900000|
|  14|0x00000006c1a00000, 0x00000006c1a00000, 0x00000006c1b00000|  0%| F|  |TS  0|AC  0|TAMS 0x00000006c1a00000, 0x00000006c1a00000|
|  15|0x00000006c1b00000, 0x00000006c1b00000, 0x00000006c1c00000|  0%| F|  |TS  0|AC  0|TAMS 0x00000006c1b00000, 0x00000006c1b00000|
|  16|0x00000006c1c00000, 0x00000006c1c00000, 0x00000006c1d00000|  0%| F|  |TS  0|AC  0|TAMS 0x00000006c1c00000, 0x00000006c1c00000|
|  17|0x00000006c1d00000, 0x00000006c1d00000, 0x00000006c1e00000|  0%| F|  |TS  0|AC  0|TAMS 0x00000006c1d00000, 0x00000006c1d00000|
|  18|0x00000006c1e00000, 0x00000006c1e00000, 0x00000006c1f00000|  0%| F|  |TS  0|AC  0|TAMS 0x00000006c1e00000, 0x00000006c1e00000|
|  19|0x00000006c1f00000, 0x00000006c1f00000, 0x00000006c2000000|  0%| F|  |TS  0|AC  0|TAMS 0x00000006c1f00000, 0x00000006c1f00000|
|  20|0x00000006c2000000, 0x00000006c2000000, 0x00000006c2100000|  0%| F|  |TS  0|AC  0|TAMS 0x00000006c2000000, 0x00000006c2000000|
|  21|0x00000006c2100000, 0x00000006c2100000, 0x00000006c2200000|  0%| F|  |TS  0|AC  0|TAMS 0x00000006c2100000, 0x00000006c2100000|
|  22|0x00000006c2200000, 0x00000006c2200000, 0x00000006c2300000|  0%| F|  |TS  0|AC  0|TAMS 0x00000006c2200000, 0x00000006c2200000|
|  23|0x00000006c2300000, 0x00000006c2300000, 0x00000006c2400000|  0%| F|  |TS  0|AC  0|TAMS 0x00000006c2300000, 0x00000006c2300000|
|  24|0x00000006c2400000, 0x00000006c2400000, 0x00000006c2500000|  0%| F|  |TS  0|AC  0|TAMS 0x00000006c2400000, 0x00000006c2400000|
|  25|0x00000006c2500000, 0x00000006c2500000, 0x00000006c2600000|  0%| F|  |TS  0|AC  0|TAMS 0x00000006c2500000, 0x00000006c2500000|
|  26|0x00000006c2600000, 0x00000006c2600000, 0x00000006c2700000|  0%| F|  |TS  0|AC  0|TAMS 0x00000006c2600000, 0x00000006c2600000|
|  27|0x00000006c2700000, 0x00000006c2700000, 0x00000006c2800000|  0%| F|  |TS  0|AC  0|TAMS 0x00000006c2700000, 0x00000006c2700000|
|  28|0x00000006c2800000, 0x00000006c2800000, 0x00000006c2900000|  0%| F|  |TS  0|AC  0|TAMS 0x00000006c2800000, 0x00000006c2800000|
|  29|0x00000006c2900000, 0x00000006c2900000, 0x00000006c2a00000|  0%| F|  |TS  0|AC  0|TAMS 0x00000006c2900000, 0x00000006c2900000|
|  30|0x00000006c2a00000, 0x00000006c2a00000, 0x00000006c2b00000|  0%| F|  |TS  0|AC  0|TAMS 0x00000006c2a00000, 0x00000006c2a00000|
|  31|0x00000006c2b00000, 0x00000006c2b00000, 0x00000006c2c00000|  0%| F|  |TS  0|AC  0|TAMS 0x00000006c2b00000, 0x00000006c2b00000|
|  32|0x00000006c2c00000, 0x00000006c2c00000, 0x00000006c2d00000|  0%| F|  |TS  0|AC  0|TAMS 0x00000006c2c00000, 0x00000006c2c00000|
|  33|0x00000006c2d00000, 0x00000006c2d00000, 0x00000006c2e00000|  0%| F|  |TS  0|AC  0|TAMS 0x00000006c2d00000, 0x00000006c2d00000|
|  34|0x00000006c2e00000, 0x00000006c2e00000, 0x00000006c2f00000|  0%| F|  |TS  0|AC  0|TAMS 0x00000006c2e00000, 0x00000006c2e00000|
|  35|0x00000006c2f00000, 0x00000006c2f00000, 0x00000006c3000000|  0%| F|  |TS  0|AC  0|TAMS 0x00000006c2f00000, 0x00000006c2f00000|
|  36|0x00000006c3000000, 0x00000006c3000000, 0x00000006c3100000|  0%| F|  |TS  0|AC  0|TAMS 0x00000006c3000000, 0x00000006c3000000|
|  37|0x00000006c3100000, 0x00000006c3100000, 0x00000006c3200000|  0%| F|  |TS  0|AC  0|TAMS 0x00000006c3100000, 0x00000006c3100000|
|  38|0x00000006c3200000, 0x00000006c3200000, 0x00000006c3300000|  0%| F|  |TS  0|AC  0|TAMS 0x00000006c3200000, 0x00000006c3200000|
|  39|0x00000006c3300000, 0x00000006c3300000, 0x00000006c3400000|  0%| F|  |TS  0|AC  0|TAMS 0x00000006c3300000, 0x00000006c3300000|
|  40|0x00000006c3400000, 0x00000006c3400000, 0x00000006c3500000|  0%| F|  |TS  0|AC  0|TAMS 0x00000006c3400000, 0x00000006c3400000|
|  41|0x00000006c3500000, 0x00000006c3500000, 0x00000006c3600000|  0%| F|  |TS  0|AC  0|TAMS 0x00000006c3500000, 0x00000006c3500000|
|  42|0x00000006c3600000, 0x00000006c3600000, 0x00000006c3700000|  0%| F|  |TS  0|AC  0|TAMS 0x00000006c3600000, 0x00000006c3600000|
|  43|0x00000006c3700000, 0x00000006c3700000, 0x00000006c3800000|  0%| F|  |TS  0|AC  0|TAMS 0x00000006c3700000, 0x00000006c3700000|
|  44|0x00000006c3800000, 0x00000006c3800000, 0x00000006c3900000|  0%| F|  |TS  0|AC  0|TAMS 0x00000006c3800000, 0x00000006c3800000|
|  45|0x00000006c3900000, 0x00000006c3900000, 0x00000006c3a00000|  0%| F|  |TS  0|AC  0|TAMS 0x00000006c3900000, 0x00000006c3900000|
|  46|0x00000006c3a00000, 0x00000006c3a00000, 0x00000006c3b00000|  0%| F|  |TS  0|AC  0|TAMS 0x00000006c3a00000, 0x00000006c3a00000|
|  47|0x00000006c3b00000, 0x00000006c3b00000, 0x00000006c3c00000|  0%| F|  |TS  0|AC  0|TAMS 0x00000006c3b00000, 0x00000006c3b00000|
|  48|0x00000006c3c00000, 0x00000006c3c00000, 0x00000006c3d00000|  0%| F|  |TS  0|AC  0|TAMS 0x00000006c3c00000, 0x00000006c3c00000|
|  49|0x00000006c3d00000, 0x00000006c3d00000, 0x00000006c3e00000|  0%| F|  |TS  0|AC  0|TAMS 0x00000006c3d00000, 0x00000006c3d00000|
|  50|0x00000006c3e00000, 0x00000006c3e00000, 0x00000006c3f00000|  0%| F|  |TS  0|AC  0|TAMS 0x00000006c3e00000, 0x00000006c3e00000|
|  51|0x00000006c3f00000, 0x00000006c3f00000, 0x00000006c4000000|  0%| F|  |TS  0|AC  0|TAMS 0x00000006c3f00000, 0x00000006c3f00000|
|  52|0x00000006c4000000, 0x00000006c4000000, 0x00000006c4100000|  0%| F|  |TS  0|AC  0|TAMS 0x00000006c4000000, 0x00000006c4000000|
|  53|0x00000006c4100000, 0x00000006c4100000, 0x00000006c4200000|  0%| F|  |TS  0|AC  0|TAMS 0x00000006c4100000, 0x00000006c4100000|
|  54|0x00000006c4200000, 0x00000006c4200000, 0x00000006c4300000|  0%| F|  |TS  0|AC  0|TAMS 0x00000006c4200000, 0x00000006c4200000|
|  55|0x00000006c4300000, 0x00000006c4300000, 0x00000006c4400000|  0%| F|  |TS  0|AC  0|TAMS 0x00000006c4300000, 0x00000006c4300000|
|  56|0x00000006c4400000, 0x00000006c4400000, 0x00000006c4500000|  0%| F|  |TS  0|AC  0|TAMS 0x00000006c4400000, 0x00000006c4400000|
|  57|0x00000006c4500000, 0x00000006c4500000, 0x00000006c4600000|  0%| F|  |TS  0|AC  0|TAMS 0x00000006c4500000, 0x00000006c4500000|
|  58|0x00000006c4600000, 0x00000006c4600000, 0x00000006c4700000|  0%| F|  |TS  0|AC  0|TAMS 0x00000006c4600000, 0x00000006c4600000|
|  59|0x00000006c4700000, 0x00000006c4700000, 0x00000006c4800000|  0%| F|  |TS  0|AC  0|TAMS 0x00000006c4700000, 0x00000006c4700000|
|  60|0x00000006c4800000, 0x00000006c4800000, 0x00000006c4900000|  0%| F|  |TS  0|AC  0|TAMS 0x00000006c4800000, 0x00000006c4800000|
|  61|0x00000006c4900000, 0x00000006c4900000, 0x00000006c4a00000|  0%| F|  |TS  0|AC  0|TAMS 0x00000006c4900000, 0x00000006c4900000|
|  62|0x00000006c4a00000, 0x00000006c4a00000, 0x00000006c4b00000|  0%| F|  |TS  0|AC  0|TAMS 0x00000006c4a00000, 0x00000006c4a00000|
|  63|0x00000006c4b00000, 0x00000006c4b00000, 0x00000006c4c00000|  0%| F|  |TS  0|AC  0|TAMS 0x00000006c4b00000, 0x00000006c4b00000|
|  64|0x00000006c4c00000, 0x00000006c4c00000, 0x00000006c4d00000|  0%| F|  |TS  0|AC  0|TAMS 0x00000006c4c00000, 0x00000006c4c00000|
|  65|0x00000006c4d00000, 0x00000006c4d00000, 0x00000006c4e00000|  0%| F|  |TS  0|AC  0|TAMS 0x00000006c4d00000, 0x00000006c4d00000|
|  66|0x00000006c4e00000, 0x00000006c4e00000, 0x00000006c4f00000|  0%| F|  |TS  0|AC  0|TAMS 0x00000006c4e00000, 0x00000006c4e00000|
|  67|0x00000006c4f00000, 0x00000006c4f00000, 0x00000006c5000000|  0%| F|  |TS  0|AC  0|TAMS 0x00000006c4f00000, 0x00000006c4f00000|
|  68|0x00000006c5000000, 0x00000006c5000000, 0x00000006c5100000|  0%| F|  |TS  0|AC  0|TAMS 0x00000006c5000000, 0x00000006c5000000|
|  69|0x00000006c5100000, 0x00000006c5100000, 0x00000006c5200000|  0%| F|  |TS  0|AC  0|TAMS 0x00000006c5100000, 0x00000006c5100000|
|  70|0x00000006c5200000, 0x00000006c5200000, 0x00000006c5300000|  0%| F|  |TS  0|AC  0|TAMS 0x00000006c5200000, 0x00000006c5200000|
|  71|0x00000006c5300000, 0x00000006c5300000, 0x00000006c5400000|  0%| F|  |TS  0|AC  0|TAMS 0x00000006c5300000, 0x00000006c5300000|
|  72|0x00000006c5400000, 0x00000006c5400000, 0x00000006c5500000|  0%| F|  |TS  0|AC  0|TAMS 0x00000006c5400000, 0x00000006c5400000|
|  73|0x00000006c5500000, 0x00000006c5500000, 0x00000006c5600000|  0%| F|  |TS  0|AC  0|TAMS 0x00000006c5500000, 0x00000006c5500000|
|  74|0x00000006c5600000, 0x00000006c5600000, 0x00000006c5700000|  0%| F|  |TS  0|AC  0|TAMS 0x00000006c5600000, 0x00000006c5600000|
|  75|0x00000006c5700000, 0x00000006c5700000, 0x00000006c5800000|  0%| F|  |TS  0|AC  0|TAMS 0x00000006c5700000, 0x00000006c5700000|
|  76|0x00000006c5800000, 0x00000006c5800000, 0x00000006c5900000|  0%| F|  |TS  0|AC  0|TAMS 0x00000006c5800000, 0x00000006c5800000|
|  77|0x00000006c5900000, 0x00000006c5900000, 0x00000006c5a00000|  0%| F|  |TS  0|AC  0|TAMS 0x00000006c5900000, 0x00000006c5900000|
|  78|0x00000006c5a00000, 0x00000006c5a00000, 0x00000006c5b00000|  0%| F|  |TS  0|AC  0|TAMS 0x00000006c5a00000, 0x00000006c5a00000|
|  79|0x00000006c5b00000, 0x00000006c5b00000, 0x00000006c5c00000|  0%| F|  |TS  0|AC  0|TAMS 0x00000006c5b00000, 0x00000006c5b00000|
|  80|0x00000006c5c00000, 0x00000006c5c00000, 0x00000006c5d00000|  0%| F|  |TS  0|AC  0|TAMS 0x00000006c5c00000, 0x00000006c5c00000|
|  81|0x00000006c5d00000, 0x00000006c5d00000, 0x00000006c5e00000|  0%| F|  |TS  0|AC  0|TAMS 0x00000006c5d00000, 0x00000006c5d00000|
|  82|0x00000006c5e00000, 0x00000006c5e00000, 0x00000006c5f00000|  0%| F|  |TS  0|AC  0|TAMS 0x00000006c5e00000, 0x00000006c5e00000|
|  83|0x00000006c5f00000, 0x00000006c5f00000, 0x00000006c6000000|  0%| F|  |TS  0|AC  0|TAMS 0x00000006c5f00000, 0x00000006c5f00000|
|  84|0x00000006c6000000, 0x00000006c6000000, 0x00000006c6100000|  0%| F|  |TS  0|AC  0|TAMS 0x00000006c6000000, 0x00000006c6000000|
|  85|0x00000006c6100000, 0x00000006c6100000, 0x00000006c6200000|  0%| F|  |TS  0|AC  0|TAMS 0x00000006c6100000, 0x00000006c6100000|
|  86|0x00000006c6200000, 0x00000006c6200000, 0x00000006c6300000|  0%| F|  |TS  0|AC  0|TAMS 0x00000006c6200000, 0x00000006c6200000|
|  87|0x00000006c6300000, 0x00000006c6300000, 0x00000006c6400000|  0%| F|  |TS  0|AC  0|TAMS 0x00000006c6300000, 0x00000006c6300000|
|  88|0x00000006c6400000, 0x00000006c6400000, 0x00000006c6500000|  0%| F|  |TS  0|AC  0|TAMS 0x00000006c6400000, 0x00000006c6400000|
|  89|0x00000006c6500000, 0x00000006c6500000, 0x00000006c6600000|  0%| F|  |TS  0|AC  0|TAMS 0x00000006c6500000, 0x00000006c6500000|
|  90|0x00000006c6600000, 0x00000006c6600000, 0x00000006c6700000|  0%| F|  |TS  0|AC  0|TAMS 0x00000006c6600000, 0x00000006c6600000|
|  91|0x00000006c6700000, 0x00000006c6700000, 0x00000006c6800000|  0%| F|  |TS  0|AC  0|TAMS 0x00000006c6700000, 0x00000006c6700000|
|  92|0x00000006c6800000, 0x00000006c6800000, 0x00000006c6900000|  0%| F|  |TS  0|AC  0|TAMS 0x00000006c6800000, 0x00000006c6800000|
|  93|0x00000006c6900000, 0x00000006c6900000, 0x00000006c6a00000|  0%| F|  |TS  0|AC  0|TAMS 0x00000006c6900000, 0x00000006c6900000|
|  94|0x00000006c6a00000, 0x00000006c6a00000, 0x00000006c6b00000|  0%| F|  |TS  0|AC  0|TAMS 0x00000006c6a00000, 0x00000006c6a00000|
|  95|0x00000006c6b00000, 0x00000006c6b00000, 0x00000006c6c00000|  0%| F|  |TS  0|AC  0|TAMS 0x00000006c6b00000, 0x00000006c6b00000|
|  96|0x00000006c6c00000, 0x00000006c6c00000, 0x00000006c6d00000|  0%| F|  |TS  0|AC  0|TAMS 0x00000006c6c00000, 0x00000006c6c00000|
|  97|0x00000006c6d00000, 0x00000006c6d00000, 0x00000006c6e00000|  0%| F|  |TS  0|AC  0|TAMS 0x00000006c6d00000, 0x00000006c6d00000|
|  98|0x00000006c6e00000, 0x00000006c6e00000, 0x00000006c6f00000|  0%| F|  |TS  0|AC  0|TAMS 0x00000006c6e00000, 0x00000006c6e00000|
|  99|0x00000006c6f00000, 0x00000006c6f00000, 0x00000006c7000000|  0%| F|  |TS  0|AC  0|TAMS 0x00000006c6f00000, 0x00000006c6f00000|
| 100|0x00000006c7000000, 0x00000006c7000000, 0x00000006c7100000|  0%| F|  |TS  0|AC  0|TAMS 0x00000006c7000000, 0x00000006c7000000|
| 101|0x00000006c7100000, 0x00000006c7100000, 0x00000006c7200000|  0%| F|  |TS  0|AC  0|TAMS 0x00000006c7100000, 0x00000006c7100000|
| 102|0x00000006c7200000, 0x00000006c7200000, 0x00000006c7300000|  0%| F|  |TS  0|AC  0|TAMS 0x00000006c7200000, 0x00000006c7200000|
| 103|0x00000006c7300000, 0x00000006c7300000, 0x00000006c7400000|  0%| F|  |TS  0|AC  0|TAMS 0x00000006c7300000, 0x00000006c7300000|
| 104|0x00000006c7400000, 0x00000006c7400000, 0x00000006c7500000|  0%| F|  |TS  0|AC  0|TAMS 0x00000006c7400000, 0x00000006c7400000|
| 105|0x00000006c7500000, 0x00000006c7500000, 0x00000006c7600000|  0%| F|  |TS  0|AC  0|TAMS 0x00000006c7500000, 0x00000006c7500000|
| 106|0x00000006c7600000, 0x00000006c7600000, 0x00000006c7700000|  0%| F|  |TS  0|AC  0|TAMS 0x00000006c7600000, 0x00000006c7600000|
| 107|0x00000006c7700000, 0x00000006c7700000, 0x00000006c7800000|  0%| F|  |TS  0|AC  0|TAMS 0x00000006c7700000, 0x00000006c7700000|
| 108|0x00000006c7800000, 0x00000006c7800000, 0x00000006c7900000|  0%| F|  |TS  0|AC  0|TAMS 0x00000006c7800000, 0x00000006c7800000|
| 109|0x00000006c7900000, 0x00000006c7900000, 0x00000006c7a00000|  0%| F|  |TS  0|AC  0|TAMS 0x00000006c7900000, 0x00000006c7900000|
| 110|0x00000006c7a00000, 0x00000006c7a00000, 0x00000006c7b00000|  0%| F|  |TS  0|AC  0|TAMS 0x00000006c7a00000, 0x00000006c7a00000|
| 111|0x00000006c7b00000, 0x00000006c7b00000, 0x00000006c7c00000|  0%| F|  |TS  0|AC  0|TAMS 0x00000006c7b00000, 0x00000006c7b00000|
| 112|0x00000006c7c00000, 0x00000006c7c00000, 0x00000006c7d00000|  0%| F|  |TS  0|AC  0|TAMS 0x00000006c7c00000, 0x00000006c7c00000|
| 113|0x00000006c7d00000, 0x00000006c7d00000, 0x00000006c7e00000|  0%| F|  |TS  0|AC  0|TAMS 0x00000006c7d00000, 0x00000006c7d00000|
| 114|0x00000006c7e00000, 0x00000006c7e00000, 0x00000006c7f00000|  0%| F|  |TS  0|AC  0|TAMS 0x00000006c7e00000, 0x00000006c7e00000|
| 115|0x00000006c7f00000, 0x00000006c7f00000, 0x00000006c8000000|  0%| F|  |TS  0|AC  0|TAMS 0x00000006c7f00000, 0x00000006c7f00000|
| 116|0x00000006c8000000, 0x00000006c8000000, 0x00000006c8100000|  0%| F|  |TS  0|AC  0|TAMS 0x00000006c8000000, 0x00000006c8000000|
| 117|0x00000006c8100000, 0x00000006c8100000, 0x00000006c8200000|  0%| F|  |TS  0|AC  0|TAMS 0x00000006c8100000, 0x00000006c8100000|
| 118|0x00000006c8200000, 0x00000006c8200000, 0x00000006c8300000|  0%| F|  |TS  0|AC  0|TAMS 0x00000006c8200000, 0x00000006c8200000|
| 119|0x00000006c8300000, 0x00000006c8300000, 0x00000006c8400000|  0%| F|  |TS  0|AC  0|TAMS 0x00000006c8300000, 0x00000006c8300000|
| 120|0x00000006c8400000, 0x00000006c8400000, 0x00000006c8500000|  0%| F|  |TS  0|AC  0|TAMS 0x00000006c8400000, 0x00000006c8400000|
| 121|0x00000006c8500000, 0x00000006c8500000, 0x00000006c8600000|  0%| F|  |TS  0|AC  0|TAMS 0x00000006c8500000, 0x00000006c8500000|
| 122|0x00000006c8600000, 0x00000006c8600000, 0x00000006c8700000|  0%| F|  |TS  0|AC  0|TAMS 0x00000006c8600000, 0x00000006c8600000|
| 123|0x00000006c8700000, 0x00000006c8700000, 0x00000006c8800000|  0%| F|  |TS  0|AC  0|TAMS 0x00000006c8700000, 0x00000006c8700000|
| 124|0x00000006c8800000, 0x00000006c8800000, 0x00000006c8900000|  0%| F|  |TS  0|AC  0|TAMS 0x00000006c8800000, 0x00000006c8800000|
| 125|0x00000006c8900000, 0x00000006c8900000, 0x00000006c8a00000|  0%| F|  |TS  0|AC  0|TAMS 0x00000006c8900000, 0x00000006c8900000|
| 126|0x00000006c8a00000, 0x00000006c8a00000, 0x00000006c8b00000|  0%| F|  |TS  0|AC  0|TAMS 0x00000006c8a00000, 0x00000006c8a00000|
| 127|0x00000006c8b00000, 0x00000006c8b00000, 0x00000006c8c00000|  0%| F|  |TS  0|AC  0|TAMS 0x00000006c8b00000, 0x00000006c8b00000|
| 128|0x00000006c8c00000, 0x00000006c8c00000, 0x00000006c8d00000|  0%| F|  |TS  0|AC  0|TAMS 0x00000006c8c00000, 0x00000006c8c00000|
| 129|0x00000006c8d00000, 0x00000006c8d00000, 0x00000006c8e00000|  0%| F|  |TS  0|AC  0|TAMS 0x00000006c8d00000, 0x00000006c8d00000|
| 130|0x00000006c8e00000, 0x00000006c8e00000, 0x00000006c8f00000|  0%| F|  |TS  0|AC  0|TAMS 0x00000006c8e00000, 0x00000006c8e00000|
| 131|0x00000006c8f00000, 0x00000006c8f00000, 0x00000006c9000000|  0%| F|  |TS  0|AC  0|TAMS 0x00000006c8f00000, 0x00000006c8f00000|
| 132|0x00000006c9000000, 0x00000006c9000000, 0x00000006c9100000|  0%| F|  |TS  0|AC  0|TAMS 0x00000006c9000000, 0x00000006c9000000|
| 133|0x00000006c9100000, 0x00000006c9100000, 0x00000006c9200000|  0%| F|  |TS  0|AC  0|TAMS 0x00000006c9100000, 0x00000006c9100000|
| 134|0x00000006c9200000, 0x00000006c9200000, 0x00000006c9300000|  0%| F|  |TS  0|AC  0|TAMS 0x00000006c9200000, 0x00000006c9200000|
| 135|0x00000006c9300000, 0x00000006c9300000, 0x00000006c9400000|  0%| F|  |TS  0|AC  0|TAMS 0x00000006c9300000, 0x00000006c9300000|
| 136|0x00000006c9400000, 0x00000006c9400000, 0x00000006c9500000|  0%| F|  |TS  0|AC  0|TAMS 0x00000006c9400000, 0x00000006c9400000|
| 137|0x00000006c9500000, 0x00000006c9500000, 0x00000006c9600000|  0%| F|  |TS  0|AC  0|TAMS 0x00000006c9500000, 0x00000006c9500000|
| 138|0x00000006c9600000, 0x00000006c9600000, 0x00000006c9700000|  0%| F|  |TS  0|AC  0|TAMS 0x00000006c9600000, 0x00000006c9600000|
| 139|0x00000006c9700000, 0x00000006c9700000, 0x00000006c9800000|  0%| F|  |TS  0|AC  0|TAMS 0x00000006c9700000, 0x00000006c9700000|
| 140|0x00000006c9800000, 0x00000006c9800000, 0x00000006c9900000|  0%| F|  |TS  0|AC  0|TAMS 0x00000006c9800000, 0x00000006c9800000|
| 141|0x00000006c9900000, 0x00000006c9900000, 0x00000006c9a00000|  0%| F|  |TS  0|AC  0|TAMS 0x00000006c9900000, 0x00000006c9900000|
| 142|0x00000006c9a00000, 0x00000006c9a00000, 0x00000006c9b00000|  0%| F|  |TS  0|AC  0|TAMS 0x00000006c9a00000, 0x00000006c9a00000|
| 143|0x00000006c9b00000, 0x00000006c9b00000, 0x00000006c9c00000|  0%| F|  |TS  0|AC  0|TAMS 0x00000006c9b00000, 0x00000006c9b00000|
| 144|0x00000006c9c00000, 0x00000006c9c00000, 0x00000006c9d00000|  0%| F|  |TS  0|AC  0|TAMS 0x00000006c9c00000, 0x00000006c9c00000|
| 145|0x00000006c9d00000, 0x00000006c9d00000, 0x00000006c9e00000|  0%| F|  |TS  0|AC  0|TAMS 0x00000006c9d00000, 0x00000006c9d00000|
| 146|0x00000006c9e00000, 0x00000006c9e00000, 0x00000006c9f00000|  0%| F|  |TS  0|AC  0|TAMS 0x00000006c9e00000, 0x00000006c9e00000|
| 147|0x00000006c9f00000, 0x00000006c9f00000, 0x00000006ca000000|  0%| F|  |TS  0|AC  0|TAMS 0x00000006c9f00000, 0x00000006c9f00000|
| 148|0x00000006ca000000, 0x00000006ca000000, 0x00000006ca100000|  0%| F|  |TS  0|AC  0|TAMS 0x00000006ca000000, 0x00000006ca000000|
| 149|0x00000006ca100000, 0x00000006ca100000, 0x00000006ca200000|  0%| F|  |TS  0|AC  0|TAMS 0x00000006ca100000, 0x00000006ca100000|
| 150|0x00000006ca200000, 0x00000006ca200000, 0x00000006ca300000|  0%| F|  |TS  0|AC  0|TAMS 0x00000006ca200000, 0x00000006ca200000|
| 151|0x00000006ca300000, 0x00000006ca300000, 0x00000006ca400000|  0%| F|  |TS  0|AC  0|TAMS 0x00000006ca300000, 0x00000006ca300000|
| 152|0x00000006ca400000, 0x00000006ca400000, 0x00000006ca500000|  0%| F|  |TS  0|AC  0|TAMS 0x00000006ca400000, 0x00000006ca400000|
| 153|0x00000006ca500000, 0x00000006ca500000, 0x00000006ca600000|  0%| F|  |TS  0|AC  0|TAMS 0x00000006ca500000, 0x00000006ca500000|
| 154|0x00000006ca600000, 0x00000006ca600000, 0x00000006ca700000|  0%| F|  |TS  0|AC  0|TAMS 0x00000006ca600000, 0x00000006ca600000|
| 155|0x00000006ca700000, 0x00000006ca700000, 0x00000006ca800000|  0%| F|  |TS  0|AC  0|TAMS 0x00000006ca700000, 0x00000006ca700000|
| 156|0x00000006ca800000, 0x00000006ca800000, 0x00000006ca900000|  0%| F|  |TS  0|AC  0|TAMS 0x00000006ca800000, 0x00000006ca800000|
| 157|0x00000006ca900000, 0x00000006ca900000, 0x00000006caa00000|  0%| F|  |TS  0|AC  0|TAMS 0x00000006ca900000, 0x00000006ca900000|
| 158|0x00000006caa00000, 0x00000006caa00000, 0x00000006cab00000|  0%| F|  |TS  0|AC  0|TAMS 0x00000006caa00000, 0x00000006caa00000|
| 159|0x00000006cab00000, 0x00000006cab00000, 0x00000006cac00000|  0%| F|  |TS  0|AC  0|TAMS 0x00000006cab00000, 0x00000006cab00000|
| 160|0x00000006cac00000, 0x00000006cac00000, 0x00000006cad00000|  0%| F|  |TS  0|AC  0|TAMS 0x00000006cac00000, 0x00000006cac00000|
| 161|0x00000006cad00000, 0x00000006cad00000, 0x00000006cae00000|  0%| F|  |TS  0|AC  0|TAMS 0x00000006cad00000, 0x00000006cad00000|
| 162|0x00000006cae00000, 0x00000006cae00000, 0x00000006caf00000|  0%| F|  |TS  0|AC  0|TAMS 0x00000006cae00000, 0x00000006cae00000|
| 163|0x00000006caf00000, 0x00000006caf00000, 0x00000006cb000000|  0%| F|  |TS  0|AC  0|TAMS 0x00000006caf00000, 0x00000006caf00000|
| 164|0x00000006cb000000, 0x00000006cb000000, 0x00000006cb100000|  0%| F|  |TS  0|AC  0|TAMS 0x00000006cb000000, 0x00000006cb000000|
| 165|0x00000006cb100000, 0x00000006cb100000, 0x00000006cb200000|  0%| F|  |TS  0|AC  0|TAMS 0x00000006cb100000, 0x00000006cb100000|
| 166|0x00000006cb200000, 0x00000006cb200000, 0x00000006cb300000|  0%| F|  |TS  0|AC  0|TAMS 0x00000006cb200000, 0x00000006cb200000|
| 167|0x00000006cb300000, 0x00000006cb300000, 0x00000006cb400000|  0%| F|  |TS  0|AC  0|TAMS 0x00000006cb300000, 0x00000006cb300000|
| 168|0x00000006cb400000, 0x00000006cb400000, 0x00000006cb500000|  0%| F|  |TS  0|AC  0|TAMS 0x00000006cb400000, 0x00000006cb400000|
| 169|0x00000006cb500000, 0x00000006cb500000, 0x00000006cb600000|  0%| F|  |TS  0|AC  0|TAMS 0x00000006cb500000, 0x00000006cb500000|
| 170|0x00000006cb600000, 0x00000006cb600000, 0x00000006cb700000|  0%| F|  |TS  0|AC  0|TAMS 0x00000006cb600000, 0x00000006cb600000|
| 171|0x00000006cb700000, 0x00000006cb700000, 0x00000006cb800000|  0%| F|  |TS  0|AC  0|TAMS 0x00000006cb700000, 0x00000006cb700000|
| 172|0x00000006cb800000, 0x00000006cb800000, 0x00000006cb900000|  0%| F|  |TS  0|AC  0|TAMS 0x00000006cb800000, 0x00000006cb800000|
| 173|0x00000006cb900000, 0x00000006cb900000, 0x00000006cba00000|  0%| F|  |TS  0|AC  0|TAMS 0x00000006cb900000, 0x00000006cb900000|
| 174|0x00000006cba00000, 0x00000006cba00000, 0x00000006cbb00000|  0%| F|  |TS  0|AC  0|TAMS 0x00000006cba00000, 0x00000006cba00000|
| 175|0x00000006cbb00000, 0x00000006cbb00000, 0x00000006cbc00000|  0%| F|  |TS  0|AC  0|TAMS 0x00000006cbb00000, 0x00000006cbb00000|
| 176|0x00000006cbc00000, 0x00000006cbc00000, 0x00000006cbd00000|  0%| F|  |TS  0|AC  0|TAMS 0x00000006cbc00000, 0x00000006cbc00000|
| 177|0x00000006cbd00000, 0x00000006cbd00000, 0x00000006cbe00000|  0%| F|  |TS  0|AC  0|TAMS 0x00000006cbd00000, 0x00000006cbd00000|
| 178|0x00000006cbe00000, 0x00000006cbe00000, 0x00000006cbf00000|  0%| F|  |TS  0|AC  0|TAMS 0x00000006cbe00000, 0x00000006cbe00000|
| 179|0x00000006cbf00000, 0x00000006cbf00000, 0x00000006cc000000|  0%| F|  |TS  0|AC  0|TAMS 0x00000006cbf00000, 0x00000006cbf00000|
| 180|0x00000006cc000000, 0x00000006cc000000, 0x00000006cc100000|  0%| F|  |TS  0|AC  0|TAMS 0x00000006cc000000, 0x00000006cc000000|
| 181|0x00000006cc100000, 0x00000006cc100000, 0x00000006cc200000|  0%| F|  |TS  0|AC  0|TAMS 0x00000006cc100000, 0x00000006cc100000|
| 182|0x00000006cc200000, 0x00000006cc200000, 0x00000006cc300000|  0%| F|  |TS  0|AC  0|TAMS 0x00000006cc200000, 0x00000006cc200000|
| 183|0x00000006cc300000, 0x00000006cc300000, 0x00000006cc400000|  0%| F|  |TS  0|AC  0|TAMS 0x00000006cc300000, 0x00000006cc300000|
| 184|0x00000006cc400000, 0x00000006cc400000, 0x00000006cc500000|  0%| F|  |TS  0|AC  0|TAMS 0x00000006cc400000, 0x00000006cc400000|
| 185|0x00000006cc500000, 0x00000006cc500000, 0x00000006cc600000|  0%| F|  |TS  0|AC  0|TAMS 0x00000006cc500000, 0x00000006cc500000|
| 186|0x00000006cc600000, 0x00000006cc600000, 0x00000006cc700000|  0%| F|  |TS  0|AC  0|TAMS 0x00000006cc600000, 0x00000006cc600000|
| 187|0x00000006cc700000, 0x00000006cc700000, 0x00000006cc800000|  0%| F|  |TS  0|AC  0|TAMS 0x00000006cc700000, 0x00000006cc700000|
| 188|0x00000006cc800000, 0x00000006cc800000, 0x00000006cc900000|  0%| F|  |TS  0|AC  0|TAMS 0x00000006cc800000, 0x00000006cc800000|
| 189|0x00000006cc900000, 0x00000006cc900000, 0x00000006cca00000|  0%| F|  |TS  0|AC  0|TAMS 0x00000006cc900000, 0x00000006cc900000|
| 190|0x00000006cca00000, 0x00000006cca00000, 0x00000006ccb00000|  0%| F|  |TS  0|AC  0|TAMS 0x00000006cca00000, 0x00000006cca00000|
| 191|0x00000006ccb00000, 0x00000006ccb00000, 0x00000006ccc00000|  0%| F|  |TS  0|AC  0|TAMS 0x00000006ccb00000, 0x00000006ccb00000|
| 192|0x00000006ccc00000, 0x00000006ccc00000, 0x00000006ccd00000|  0%| F|  |TS  0|AC  0|TAMS 0x00000006ccc00000, 0x00000006ccc00000|
| 193|0x00000006ccd00000, 0x00000006ccd00000, 0x00000006cce00000|  0%| F|  |TS  0|AC  0|TAMS 0x00000006ccd00000, 0x00000006ccd00000|
| 194|0x00000006cce00000, 0x00000006cce00000, 0x00000006ccf00000|  0%| F|  |TS  0|AC  0|TAMS 0x00000006cce00000, 0x00000006cce00000|
| 195|0x00000006ccf00000, 0x00000006ccf00000, 0x00000006cd000000|  0%| F|  |TS  0|AC  0|TAMS 0x00000006ccf00000, 0x00000006ccf00000|
| 196|0x00000006cd000000, 0x00000006cd000000, 0x00000006cd100000|  0%| F|  |TS  0|AC  0|TAMS 0x00000006cd000000, 0x00000006cd000000|
| 197|0x00000006cd100000, 0x00000006cd100000, 0x00000006cd200000|  0%| F|  |TS  0|AC  0|TAMS 0x00000006cd100000, 0x00000006cd100000|
| 198|0x00000006cd200000, 0x00000006cd200000, 0x00000006cd300000|  0%| F|  |TS  0|AC  0|TAMS 0x00000006cd200000, 0x00000006cd200000|
| 199|0x00000006cd300000, 0x00000006cd300000, 0x00000006cd400000|  0%| F|  |TS  0|AC  0|TAMS 0x00000006cd300000, 0x00000006cd300000|
| 200|0x00000006cd400000, 0x00000006cd400000, 0x00000006cd500000|  0%| F|  |TS  0|AC  0|TAMS 0x00000006cd400000, 0x00000006cd400000|
| 201|0x00000006cd500000, 0x00000006cd500000, 0x00000006cd600000|  0%| F|  |TS  0|AC  0|TAMS 0x00000006cd500000, 0x00000006cd500000|
| 202|0x00000006cd600000, 0x00000006cd600000, 0x00000006cd700000|  0%| F|  |TS  0|AC  0|TAMS 0x00000006cd600000, 0x00000006cd600000|
| 203|0x00000006cd700000, 0x00000006cd700000, 0x00000006cd800000|  0%| F|  |TS  0|AC  0|TAMS 0x00000006cd700000, 0x00000006cd700000|
| 204|0x00000006cd800000, 0x00000006cd800000, 0x00000006cd900000|  0%| F|  |TS  0|AC  0|TAMS 0x00000006cd800000, 0x00000006cd800000|
| 205|0x00000006cd900000, 0x00000006cd900000, 0x00000006cda00000|  0%| F|  |TS  0|AC  0|TAMS 0x00000006cd900000, 0x00000006cd900000|
| 206|0x00000006cda00000, 0x00000006cda00000, 0x00000006cdb00000|  0%| F|  |TS  0|AC  0|TAMS 0x00000006cda00000, 0x00000006cda00000|
| 207|0x00000006cdb00000, 0x00000006cdb00000, 0x00000006cdc00000|  0%| F|  |TS  0|AC  0|TAMS 0x00000006cdb00000, 0x00000006cdb00000|
| 208|0x00000006cdc00000, 0x00000006cdc00000, 0x00000006cdd00000|  0%| F|  |TS  0|AC  0|TAMS 0x00000006cdc00000, 0x00000006cdc00000|
| 209|0x00000006cdd00000, 0x00000006cdd00000, 0x00000006cde00000|  0%| F|  |TS  0|AC  0|TAMS 0x00000006cdd00000, 0x00000006cdd00000|
| 210|0x00000006cde00000, 0x00000006cde00000, 0x00000006cdf00000|  0%| F|  |TS  0|AC  0|TAMS 0x00000006cde00000, 0x00000006cde00000|
| 211|0x00000006cdf00000, 0x00000006cdf00000, 0x00000006ce000000|  0%| F|  |TS  0|AC  0|TAMS 0x00000006cdf00000, 0x00000006cdf00000|
| 212|0x00000006ce000000, 0x00000006ce000000, 0x00000006ce100000|  0%| F|  |TS  0|AC  0|TAMS 0x00000006ce000000, 0x00000006ce000000|
| 213|0x00000006ce100000, 0x00000006ce100000, 0x00000006ce200000|  0%| F|  |TS  0|AC  0|TAMS 0x00000006ce100000, 0x00000006ce100000|
| 214|0x00000006ce200000, 0x00000006ce200000, 0x00000006ce300000|  0%| F|  |TS  0|AC  0|TAMS 0x00000006ce200000, 0x00000006ce200000|
| 215|0x00000006ce300000, 0x00000006ce300000, 0x00000006ce400000|  0%| F|  |TS  0|AC  0|TAMS 0x00000006ce300000, 0x00000006ce300000|
| 216|0x00000006ce400000, 0x00000006ce400000, 0x00000006ce500000|  0%| F|  |TS  0|AC  0|TAMS 0x00000006ce400000, 0x00000006ce400000|
| 217|0x00000006ce500000, 0x00000006ce500000, 0x00000006ce600000|  0%| F|  |TS  0|AC  0|TAMS 0x00000006ce500000, 0x00000006ce500000|
| 218|0x00000006ce600000, 0x00000006ce600000, 0x00000006ce700000|  0%| F|  |TS  0|AC  0|TAMS 0x00000006ce600000, 0x00000006ce600000|
| 219|0x00000006ce700000, 0x00000006ce700000, 0x00000006ce800000|  0%| F|  |TS  0|AC  0|TAMS 0x00000006ce700000, 0x00000006ce700000|
| 220|0x00000006ce800000, 0x00000006ce800000, 0x00000006ce900000|  0%| F|  |TS  0|AC  0|TAMS 0x00000006ce800000, 0x00000006ce800000|
| 221|0x00000006ce900000, 0x00000006ce900000, 0x00000006cea00000|  0%| F|  |TS  0|AC  0|TAMS 0x00000006ce900000, 0x00000006ce900000|
| 222|0x00000006cea00000, 0x00000006cea00000, 0x00000006ceb00000|  0%| F|  |TS  0|AC  0|TAMS 0x00000006cea00000, 0x00000006cea00000|
| 223|0x00000006ceb00000, 0x00000006ceb00000, 0x00000006cec00000|  0%| F|  |TS  0|AC  0|TAMS 0x00000006ceb00000, 0x00000006ceb00000|
| 224|0x00000006cec00000, 0x00000006cec00000, 0x00000006ced00000|  0%| F|  |TS  0|AC  0|TAMS 0x00000006cec00000, 0x00000006cec00000|
| 225|0x00000006ced00000, 0x00000006ced00000, 0x00000006cee00000|  0%| F|  |TS  0|AC  0|TAMS 0x00000006ced00000, 0x00000006ced00000|
| 226|0x00000006cee00000, 0x00000006cee00000, 0x00000006cef00000|  0%| F|  |TS  0|AC  0|TAMS 0x00000006cee00000, 0x00000006cee00000|
| 227|0x00000006cef00000, 0x00000006cef00000, 0x00000006cf000000|  0%| F|  |TS  0|AC  0|TAMS 0x00000006cef00000, 0x00000006cef00000|
| 228|0x00000006cf000000, 0x00000006cf000000, 0x00000006cf100000|  0%| F|  |TS  0|AC  0|TAMS 0x00000006cf000000, 0x00000006cf000000|
| 229|0x00000006cf100000, 0x00000006cf200000, 0x00000006cf200000|100%| S|CS|TS  1|AC  0|TAMS 0x00000006cf100000, 0x00000006cf100000|
| 230|0x00000006cf200000, 0x00000006cf300000, 0x00000006cf300000|100%| S|CS|TS  1|AC  0|TAMS 0x00000006cf200000, 0x00000006cf200000|
| 231|0x00000006cf300000, 0x00000006cf400000, 0x00000006cf400000|100%| S|CS|TS  1|AC  0|TAMS 0x00000006cf300000, 0x00000006cf300000|
| 232|0x00000006cf400000, 0x00000006cf400000, 0x00000006cf500000|  0%| F|  |TS  1|AC  0|TAMS 0x00000006cf400000, 0x00000006cf400000|
| 233|0x00000006cf500000, 0x00000006cf500000, 0x00000006cf600000|  0%| F|  |TS  1|AC  0|TAMS 0x00000006cf500000, 0x00000006cf500000|
| 234|0x00000006cf600000, 0x00000006cf600000, 0x00000006cf700000|  0%| F|  |TS  1|AC  0|TAMS 0x00000006cf600000, 0x00000006cf600000|
| 235|0x00000006cf700000, 0x00000006cf700000, 0x00000006cf800000|  0%| F|  |TS  1|AC  0|TAMS 0x00000006cf700000, 0x00000006cf700000|
| 236|0x00000006cf800000, 0x00000006cf800000, 0x00000006cf900000|  0%| F|  |TS  1|AC  0|TAMS 0x00000006cf800000, 0x00000006cf800000|
| 237|0x00000006cf900000, 0x00000006cf900000, 0x00000006cfa00000|  0%| F|  |TS  1|AC  0|TAMS 0x00000006cf900000, 0x00000006cf900000|
| 238|0x00000006cfa00000, 0x00000006cfa00000, 0x00000006cfb00000|  0%| F|  |TS  1|AC  0|TAMS 0x00000006cfa00000, 0x00000006cfa00000|
| 239|0x00000006cfb00000, 0x00000006cfb00000, 0x00000006cfc00000|  0%| F|  |TS  1|AC  0|TAMS 0x00000006cfb00000, 0x00000006cfb00000|
| 240|0x00000006cfc00000, 0x00000006cfc00000, 0x00000006cfd00000|  0%| F|  |TS  1|AC  0|TAMS 0x00000006cfc00000, 0x00000006cfc00000|
| 241|0x00000006cfd00000, 0x00000006cfd00000, 0x00000006cfe00000|  0%| F|  |TS  1|AC  0|TAMS 0x00000006cfd00000, 0x00000006cfd00000|
| 242|0x00000006cfe00000, 0x00000006cfe00000, 0x00000006cff00000|  0%| F|  |TS  1|AC  0|TAMS 0x00000006cfe00000, 0x00000006cfe00000|
| 243|0x00000006cff00000, 0x00000006cff00000, 0x00000006d0000000|  0%| F|  |TS  1|AC  0|TAMS 0x00000006cff00000, 0x00000006cff00000|
| 244|0x00000006d0000000, 0x00000006d0000000, 0x00000006d0100000|  0%| F|  |TS  1|AC  0|TAMS 0x00000006d0000000, 0x00000006d0000000|
| 245|0x00000006d0100000, 0x00000006d0100000, 0x00000006d0200000|  0%| F|  |TS  1|AC  0|TAMS 0x00000006d0100000, 0x00000006d0100000|
| 246|0x00000006d0200000, 0x00000006d0200000, 0x00000006d0300000|  0%| F|  |TS  1|AC  0|TAMS 0x00000006d0200000, 0x00000006d0200000|
| 247|0x00000006d0300000, 0x00000006d0300000, 0x00000006d0400000|  0%| F|  |TS  1|AC  0|TAMS 0x00000006d0300000, 0x00000006d0300000|
| 248|0x00000006d0400000, 0x00000006d0400000, 0x00000006d0500000|  0%| F|  |TS  1|AC  0|TAMS 0x00000006d0400000, 0x00000006d0400000|
| 249|0x00000006d0500000, 0x00000006d0500000, 0x00000006d0600000|  0%| F|  |TS  1|AC  0|TAMS 0x00000006d0500000, 0x00000006d0500000|
| 250|0x00000006d0600000, 0x00000006d0600000, 0x00000006d0700000|  0%| F|  |TS  1|AC  0|TAMS 0x00000006d0600000, 0x00000006d0600000|
| 251|0x00000006d0700000, 0x00000006d0700800, 0x00000006d0800000|  0%| E|  |TS  1|AC  0|TAMS 0x00000006d0700000, 0x00000006d0700000|
| 252|0x00000006d0800000, 0x00000006d0900000, 0x00000006d0900000|100%| E|CS|TS  1|AC  0|TAMS 0x00000006d0800000, 0x00000006d0800000|
| 253|0x00000006d0900000, 0x00000006d0a00000, 0x00000006d0a00000|100%| E|CS|TS  1|AC  0|TAMS 0x00000006d0900000, 0x00000006d0900000|
| 254|0x00000006d0a00000, 0x00000006d0b00000, 0x00000006d0b00000|100%| E|CS|TS  1|AC  0|TAMS 0x00000006d0a00000, 0x00000006d0a00000|
| 255|0x00000006d0b00000, 0x00000006d0c00000, 0x00000006d0c00000|100%| E|CS|TS  1|AC  0|TAMS 0x00000006d0b00000, 0x00000006d0b00000|

Card table byte_map: [0x000001c43a490000,0x000001c43ac90000] byte_map_base: 0x000001c436e8a000

Marking Bits (Prev, Next): (CMBitMap*) 0x000001c422cdc320, (CMBitMap*) 0x000001c422cdc358
 Prev Bits: [0x000001c43b490000, 0x000001c43f460000)
 Next Bits: [0x000001c43f460000, 0x000001c443430000)

Polling page: 0x000001c4220d0000

CodeHeap 'non-profiled nmethods': size=119168Kb used=710Kb max_used=710Kb free=118457Kb
 bounds [0x000001c431fa0000, 0x000001c432210000, 0x000001c439400000]
CodeHeap 'profiled nmethods': size=119168Kb used=3610Kb max_used=3610Kb free=115557Kb
 bounds [0x000001c42ab40000, 0x000001c42aed0000, 0x000001c431fa0000]
CodeHeap 'non-nmethods': size=7424Kb used=2926Kb max_used=2980Kb free=4497Kb
 bounds [0x000001c42a400000, 0x000001c42a700000, 0x000001c42ab40000]
 total_blobs=2722 nmethods=1766 adapters=523
 compilation: enabled

Compilation events (10 events):
Event: 645.082 Thread 0x000001c446ef7800 nmethod 1763 0x000001c432051810 code [0x000001c4320519c0, 0x000001c432051ad8]
Event: 645.082 Thread 0x000001c446ed6000 1764       3       java.util.Arrays::binarySearch0 (95 bytes)
Event: 645.083 Thread 0x000001c446ed6000 nmethod 1764 0x000001c42aec2690 code [0x000001c42aec2880, 0x000001c42aec2cc0]
Event: 645.083 Thread 0x000001c446eef000 1765       3       sun.java2d.loops.GraphicsPrimitiveMgr::locate (104 bytes)
Event: 645.083 Thread 0x000001c446f02800 1766       3       java.util.Arrays::binarySearch (10 bytes)
Event: 645.083 Thread 0x000001c446f02800 nmethod 1766 0x000001c42aec2e90 code [0x000001c42aec3040, 0x000001c42aec31d0]
Event: 645.083 Thread 0x000001c446eef000 nmethod 1765 0x000001c42aec3290 code [0x000001c42aec34e0, 0x000001c42aec3fe0]
Event: 645.095 Thread 0x000001c446ef7800 1767   !   3       javax.swing.RepaintManager::addDirtyRegion0 (205 bytes)
Event: 645.096 Thread 0x000001c446ef7800 nmethod 1767 0x000001c42aec4290 code [0x000001c42aec45c0, 0x000001c42aec61a0]
Event: 646.191 Thread 0x000001c446ea6800 1768       4       java.util.HashMap$KeyIterator::next (8 bytes)

GC Heap History (2 events):
Event: 0.841 GC heap before
{Heap before GC invocations=0 (full 0):
 garbage-first heap   total 262144K, used 24576K [0x00000006c0c00000, 0x00000007c0000000)
  region size 1024K, 24 young (24576K), 0 survivors (0K)
 Metaspace       used 15287K, capacity 15732K, committed 15872K, reserved 1062912K
  class space    used 1809K, capacity 2023K, committed 2048K, reserved 1048576K
}
Event: 0.845 GC heap after
{Heap after GC invocations=1 (full 0):
 garbage-first heap   total 262144K, used 4497K [0x00000006c0c00000, 0x00000007c0000000)
  region size 1024K, 3 young (3072K), 3 survivors (3072K)
 Metaspace       used 15287K, capacity 15732K, committed 15872K, reserved 1062912K
  class space    used 1809K, capacity 2023K, committed 2048K, reserved 1048576K
}

Deoptimization events (10 events):
Event: 0.770 Thread 0x000001c44c2bd800 Uncommon trap: reason=class_check action=maybe_recompile pc=0x000001c431ff2da8 method=java.util.HashMap.putVal(ILjava/lang/Object;Ljava/lang/Object;ZZ)Ljava/lang/Object; @ 203 c2
Event: 0.770 Thread 0x000001c44c2bd800 Uncommon trap: reason=class_check action=maybe_recompile pc=0x000001c431ff2da8 method=java.util.HashMap.putVal(ILjava/lang/Object;Ljava/lang/Object;ZZ)Ljava/lang/Object; @ 203 c2
Event: 0.782 Thread 0x000001c44c2bd800 Uncommon trap: reason=unstable_if action=reinterpret pc=0x000001c4320181e8 method=java.lang.Character.isSurrogate(C)Z @ 3 c2
Event: 0.837 Thread 0x000001c44c2bd800 Uncommon trap: reason=unstable_if action=reinterpret pc=0x000001c4320154d0 method=sun.font.TrueTypeFont.getDirectoryEntry(I)Lsun/font/TrueTypeFont$DirectoryEntry; @ 7 c2
Event: 0.845 Thread 0x000001c44c2bd800 Uncommon trap: reason=unstable_if action=reinterpret pc=0x000001c43201ec7c method=java.lang.ref.SoftReference.get()Ljava/lang/Object; @ 17 c2
Event: 0.891 Thread 0x000001c44c2bd800 Uncommon trap: reason=unstable_if action=reinterpret pc=0x000001c431fd9d20 method=java.lang.ref.ReferenceQueue.poll()Ljava/lang/ref/Reference; @ 4 c2
Event: 0.891 Thread 0x000001c44c2bd800 Uncommon trap: reason=unstable_if action=reinterpret pc=0x000001c431fe9078 method=java.lang.ref.ReferenceQueue.poll()Ljava/lang/ref/Reference; @ 4 c2
Event: 71.959 Thread 0x000001c44c056000 Uncommon trap: reason=intrinsic_or_type_checked_inlining action=make_not_entrant pc=0x000001c43204fc5c method=java.util.Arrays.copyOf([Ljava/lang/Object;ILjava/lang/Class;)[Ljava/lang/Object; @ 36 c2
Event: 516.577 Thread 0x000001c44c056000 Uncommon trap: reason=class_check action=make_not_entrant pc=0x000001c432050b30 method=java.util.ArrayList.toArray([Ljava/lang/Object;)[Ljava/lang/Object; @ 21 c2
Event: 644.782 Thread 0x000001c44c056000 Uncommon trap: reason=unstable_if action=reinterpret pc=0x000001c4320512cc method=java.util.ArrayList.toArray([Ljava/lang/Object;)[Ljava/lang/Object; @ 6 c2

Classes redefined (0 events):
No events

Internal exceptions (10 events):
Event: 0.463 Thread 0x000001c44c80b000 Exception <a 'java/lang/NoSuchMethodError'{0x00000006d01b68f0}: java.lang.invoke.DirectMethodHandle$Holder.invokeStatic(Ljava/lang/Object;Ljava/lang/Object;)I> (0x00000006d01b68f0) thrown at [t:/workspace/open/src/hotspot/share/interpreter/linkResolver.cp
Event: 0.500 Thread 0x000001c422c54000 Exception <a 'java/lang/NoSuchMethodError'{0x00000006d0089800}: java.lang.invoke.DirectMethodHandle$Holder.invokeStaticInit(Ljava/lang/Object;)V> (0x00000006d0089800) thrown at [t:/workspace/open/src/hotspot/share/interpreter/linkResolver.cpp, line 741]
Event: 0.506 Thread 0x000001c422c54000 Exception <a 'java/io/FileNotFoundException'{0x00000006d00a2e18}> (0x00000006d00a2e18) thrown at [t:/workspace/open/src/hotspot/share/prims/jni.cpp, line 611]
Event: 0.506 Thread 0x000001c422c54000 Exception <a 'java/lang/NullPointerException'{0x00000006d00a3700}> (0x00000006d00a3700) thrown at [t:/workspace/open/src/hotspot/share/interpreter/linkResolver.cpp, line 1324]
Event: 0.522 Thread 0x000001c422c54000 Exception <a 'java/lang/NoSuchMethodError'{0x00000006cffb1568}: java.lang.invoke.DirectMethodHandle$Holder.invokeStatic(Ljava/lang/Object;Ljava/lang/Object;Ljava/lang/Object;Ljava/lang/Object;Ljava/lang/Object;Ljava/lang/Object;Ljava/lang/Object;Ljava/lan
Event: 0.523 Thread 0x000001c422c54000 Exception <a 'java/lang/NoSuchMethodError'{0x00000006cffd1c58}: java.lang.invoke.DirectMethodHandle$Holder.invokeStatic(Ljava/lang/Object;Ljava/lang/Object;Ljava/lang/Object;Ljava/lang/Object;Ljava/lang/Object;Ljava/lang/Object;Ljava/lang/Object;Ljava/lan
Event: 0.523 Thread 0x000001c422c54000 Exception <a 'java/lang/NoSuchMethodError'{0x00000006cfff3390}: java.lang.invoke.DirectMethodHandle$Holder.invokeStatic(Ljava/lang/Object;Ljava/lang/Object;Ljava/lang/Object;Ljava/lang/Object;Ljava/lang/Object;Ljava/lang/Object;Ljava/lang/Object;Ljava/lan
Event: 0.596 Thread 0x000001c44c2bd800 Exception <a 'java/lang/NoSuchMethodError'{0x00000006d0256fb0}: java.lang.invoke.DirectMethodHandle$Holder.invokeStatic(Ljava/lang/Object;Ljava/lang/Object;Ljava/lang/Object;Ljava/lang/Object;Ljava/lang/Object;Ljava/lang/Object;Ljava/lang/Object;Ljava/lan
Event: 1.731 Thread 0x000001c44c2bd800 Exception <a 'java/lang/Error'{0x00000006d0b5b0d8}> (0x00000006d0b5b0d8) thrown at [t:/workspace/open/src/hotspot/share/prims/jvm.cpp, line 1349]
Event: 1.731 Thread 0x000001c44c2bd800 Exception <a 'java/lang/Error'{0x00000006d0b5b0d8}> (0x00000006d0b5b0d8) thrown at [t:/workspace/open/src/hotspot/share/prims/jvm.cpp, line 1349]

Events (10 events):
Event: 645.078 loading class sun/awt/image/BufImgSurfaceData
Event: 645.078 loading class sun/awt/image/BufImgSurfaceData done
Event: 645.082 loading class sun/awt/image/BufImgSurfaceData$ICMColorData
Event: 645.082 loading class sun/awt/image/BufImgSurfaceData$ICMColorData done
Event: 645.082 loading class sun/java2d/loops/RenderLoops
Event: 645.082 loading class sun/java2d/loops/RenderLoops done
Event: 645.084 Executing VM operation: RevokeBias
Event: 645.084 Executing VM operation: RevokeBias done
Event: 645.095 loading class javax/swing/RepaintManager$DisplayChangedRunnable
Event: 645.095 loading class javax/swing/RepaintManager$DisplayChangedRunnable done


Dynamic libraries:
0x00007ff68ac00000 - 0x00007ff68ac3e000 	C:\Program Files\Java\jre-10.0.2\bin\javaw.exe
0x00007ff90d8a0000 - 0x00007ff90da90000 	C:\Windows\SYSTEM32\ntdll.dll
0x00007ff90d5f0000 - 0x00007ff90d6a2000 	C:\Windows\System32\KERNEL32.DLL
0x00007ff90aa10000 - 0x00007ff90acb4000 	C:\Windows\System32\KERNELBASE.dll
0x00007ff90cb00000 - 0x00007ff90cba3000 	C:\Windows\System32\ADVAPI32.dll
0x00007ff90d6b0000 - 0x00007ff90d74e000 	C:\Windows\System32\msvcrt.dll
0x00007ff90d750000 - 0x00007ff90d7e7000 	C:\Windows\System32\sechost.dll
0x00007ff90bb40000 - 0x00007ff90bc60000 	C:\Windows\System32\RPCRT4.dll
0x00007ff90c960000 - 0x00007ff90caf4000 	C:\Windows\System32\USER32.dll
0x00007ff90b680000 - 0x00007ff90b6a1000 	C:\Windows\System32\win32u.dll
0x00007ff90c220000 - 0x00007ff90c246000 	C:\Windows\System32\GDI32.dll
0x00007ff90b4e0000 - 0x00007ff90b674000 	C:\Windows\System32\gdi32full.dll
0x00007ff90acc0000 - 0x00007ff90ad5e000 	C:\Windows\System32\msvcp_win.dll
0x00007ff90b830000 - 0x00007ff90b92a000 	C:\Windows\System32\ucrtbase.dll
0x00007ff903cc0000 - 0x00007ff903cca000 	C:\Windows\SYSTEM32\VERSION.dll
0x00007ff8f9830000 - 0x00007ff8f9ab4000 	C:\Windows\WinSxS\amd64_microsoft.windows.common-controls_6595b64144ccf1df_6.0.18362.836_none_e6c4b943130f18ed\COMCTL32.dll
0x00007ff90bee0000 - 0x00007ff90c216000 	C:\Windows\System32\combase.dll
0x00007ff90a990000 - 0x00007ff90aa10000 	C:\Windows\System32\bcryptPrimitives.dll
0x00007ff90cd70000 - 0x00007ff90cd9e000 	C:\Windows\System32\IMM32.DLL
0x00007ff8d8e60000 - 0x00007ff8d8f4f000 	C:\Program Files\Java\jre-10.0.2\bin\msvcr120.dll
0x00007ff8ec040000 - 0x00007ff8ec0e6000 	C:\Program Files\Java\jre-10.0.2\bin\msvcp120.dll
0x0000000075a60000 - 0x00000000764d0000 	C:\Program Files\Java\jre-10.0.2\bin\server\jvm.dll
0x00007ff90d580000 - 0x00007ff90d588000 	C:\Windows\System32\PSAPI.DLL
0x00007ff8f74f0000 - 0x00007ff8f74f9000 	C:\Windows\SYSTEM32\WSOCK32.dll
0x00007ff90d7f0000 - 0x00007ff90d85f000 	C:\Windows\System32\WS2_32.dll
0x00007ff908270000 - 0x00007ff908294000 	C:\Windows\SYSTEM32\WINMM.dll
0x00007ff908060000 - 0x00007ff90808d000 	C:\Windows\SYSTEM32\winmmbase.dll
0x00007ff90a830000 - 0x00007ff90a87a000 	C:\Windows\System32\cfgmgr32.dll
0x00007ff906e00000 - 0x00007ff906e0f000 	C:\Program Files\Java\jre-10.0.2\bin\verify.dll
0x00007ff8f7a30000 - 0x00007ff8f7c24000 	C:\Windows\SYSTEM32\DBGHELP.DLL
0x00007ff8f78b0000 - 0x00007ff8f78da000 	C:\Windows\SYSTEM32\dbgcore.DLL
0x00007ff8f2260000 - 0x00007ff8f2287000 	C:\Program Files\Java\jre-10.0.2\bin\java.dll
0x00007ff8f9360000 - 0x00007ff8f9376000 	C:\Program Files\Java\jre-10.0.2\bin\zip.dll
0x00007ff8fc6d0000 - 0x00007ff8fc6da000 	C:\Program Files\Java\jre-10.0.2\bin\jimage.dll
0x00007ff90cdc0000 - 0x00007ff90d4a4000 	C:\Windows\System32\SHELL32.dll
0x00007ff90cc10000 - 0x00007ff90ccb9000 	C:\Windows\System32\shcore.dll
0x00007ff90ad60000 - 0x00007ff90b4de000 	C:\Windows\System32\windows.storage.dll
0x00007ff90a7b0000 - 0x00007ff90a7d3000 	C:\Windows\System32\profapi.dll
0x00007ff90a7e0000 - 0x00007ff90a82a000 	C:\Windows\System32\powrprof.dll
0x00007ff90a760000 - 0x00007ff90a770000 	C:\Windows\System32\UMPDC.dll
0x00007ff90d590000 - 0x00007ff90d5e2000 	C:\Windows\System32\shlwapi.dll
0x00007ff90a770000 - 0x00007ff90a781000 	C:\Windows\System32\kernel.appcore.dll
0x00007ff90b930000 - 0x00007ff90b947000 	C:\Windows\System32\cryptsp.dll
0x00007ff8f6b40000 - 0x00007ff8f6b5a000 	C:\Program Files\Java\jre-10.0.2\bin\net.dll
0x00007ff8fdaf0000 - 0x00007ff8fdbe0000 	C:\Windows\SYSTEM32\WINHTTP.dll
0x00007ff909fd0000 - 0x00007ff90a037000 	C:\Windows\system32\mswsock.dll
0x00007ff8f69e0000 - 0x00007ff8f69f1000 	C:\Program Files\Java\jre-10.0.2\bin\nio.dll
0x00007ff8ad580000 - 0x00007ff8ad71b000 	C:\Program Files\Java\jre-10.0.2\bin\awt.dll
0x00007ff90d4b0000 - 0x00007ff90d574000 	C:\Windows\System32\OLEAUT32.dll
0x00007ff9073e0000 - 0x00007ff9079a0000 	C:\Windows\SYSTEM32\d2d1.dll
0x00007ff908900000 - 0x00007ff90898f000 	C:\Windows\SYSTEM32\apphelp.dll
0x00007ff908f00000 - 0x00007ff908f2d000 	C:\Windows\system32\DWMAPI.DLL
0x00007ff908ad0000 - 0x00007ff908b69000 	C:\Windows\system32\uxtheme.dll
0x00007ff8cfe20000 - 0x00007ff8cff76000 	C:\Windows\system32\opengl32.dll
0x00007ff8f95c0000 - 0x00007ff8f95ec000 	C:\Windows\SYSTEM32\GLU32.dll
0x00007ff9093d0000 - 0x00007ff9093f0000 	C:\Windows\SYSTEM32\dxcore.dll
0x00007ff90bd30000 - 0x00007ff90be66000 	C:\Windows\System32\MSCTF.dll
0x00007ff8ade10000 - 0x00007ff8adf26000 	D:\Bandicam\bdcam64.dll
0x00007ff8f9620000 - 0x00007ff8f9658000 	C:\Windows\system32\IMGSF50Filter_x64.dll
0x00007ff90b950000 - 0x00007ff90baa7000 	C:\Windows\System32\ole32.dll
0x0000000050820000 - 0x00000000508f3000 	C:\Windows\WinSxS\amd64_microsoft.vc90.crt_1fc8b3b9a1e18e3b_9.0.30729.9619_none_08e065a3a84109b0\MSVCP90.dll
0x0000000050770000 - 0x0000000050813000 	C:\Windows\WinSxS\amd64_microsoft.vc90.crt_1fc8b3b9a1e18e3b_9.0.30729.9619_none_08e065a3a84109b0\MSVCR90.dll
0x00007ff8ed5e0000 - 0x00007ff8ed7a7000 	C:\Windows\system32\d3d9.dll
0x00007ff901d80000 - 0x00007ff901e6f000 	C:\Windows\System32\DriverStore\FileRepository\nv_dispi.inf_amd64_fd5965e649b796e5\nvldumdx.dll
0x00007ff90b6b0000 - 0x00007ff90b7f9000 	C:\Windows\System32\crypt32.dll
0x00007ff90a790000 - 0x00007ff90a7a2000 	C:\Windows\System32\MSASN1.dll
0x00007ff903b60000 - 0x00007ff903b8f000 	C:\Windows\SYSTEM32\cryptnet.dll
0x00007ff90a1a0000 - 0x00007ff90a1ac000 	C:\Windows\SYSTEM32\cryptbase.dll
0x00007ff90a930000 - 0x00007ff90a98c000 	C:\Windows\System32\WINTRUST.DLL
0x00007ff90cda0000 - 0x00007ff90cdbd000 	C:\Windows\System32\imagehlp.dll
0x00007ff909b40000 - 0x00007ff909b73000 	C:\Windows\system32\rsaenh.dll
0x00007ff90b800000 - 0x00007ff90b826000 	C:\Windows\System32\bcrypt.dll
0x00007ff8df5b0000 - 0x00007ff8e0ab7000 	C:\Windows\System32\DriverStore\FileRepository\nv_dispi.inf_amd64_fd5965e649b796e5\nvd3dumx.dll
0x00007ff8c9e30000 - 0x00007ff8ca0f4000 	C:\Windows\system32\nvspcap64.dll
0x00007ff9097c0000 - 0x00007ff9097f1000 	C:\Windows\SYSTEM32\ntmarta.dll
0x00007ff909380000 - 0x00007ff9093a2000 	C:\Windows\SYSTEM32\gpapi.dll
0x00007ff8f0430000 - 0x00007ff8f0495000 	C:\Program Files\Java\jre-10.0.2\bin\fontmanager.dll
0x00007ff90ccc0000 - 0x00007ff90cd62000 	C:\Windows\System32\clbcatq.dll
0x00007ff9055e0000 - 0x00007ff90578f000 	C:\Windows\SYSTEM32\WindowsCodecs.dll
0x00007ff8dacf0000 - 0x00007ff8dad2a000 	C:\Windows\system32\dataexchange.dll
0x00007ff9079a0000 - 0x00007ff907bfb000 	C:\Windows\system32\d3d11.dll
0x00007ff908090000 - 0x00007ff90826c000 	C:\Windows\system32\dcomp.dll
0x00007ff909460000 - 0x00007ff90954b000 	C:\Windows\system32\dxgi.dll
0x00007ff908ba0000 - 0x00007ff908e01000 	C:\Windows\system32\twinapi.appcore.dll
0x00007ff908f30000 - 0x00007ff908f59000 	C:\Windows\system32\RMCLIENT.dll
0x00007ff901b80000 - 0x00007ff901c1e000 	C:\Windows\System32\TextInputFramework.dll
0x00007ff9082a0000 - 0x00007ff908374000 	C:\Windows\System32\CoreMessaging.dll
0x00007ff905960000 - 0x00007ff905c8a000 	C:\Windows\System32\CoreUIComponents.dll
0x00007ff906050000 - 0x00007ff9061a3000 	C:\Windows\SYSTEM32\wintypes.dll
0x00007ff8f1da0000 - 0x00007ff8f1de2000 	C:\Program Files\Java\jre-10.0.2\bin\t2k.dll
0x00007ff901750000 - 0x00007ff9019f6000 	C:\Windows\System32\iertutil.dll
0x00007ff8ea5f0000 - 0x00007ff8ea6bf000 	C:\Windows\System32\IME\IMEKR\imkrtip.dll
0x00007ff907110000 - 0x00007ff907200000 	C:\Windows\SYSTEM32\PROPSYS.dll
0x00007ff8ea4b0000 - 0x00007ff8ea5e9000 	C:\Windows\System32\IME\shared\imetip.dll
0x00007ff8ea2f0000 - 0x00007ff8ea4a3000 	C:\Windows\SYSTEM32\DUI70.dll
0x00007ff8f9ec0000 - 0x00007ff8f9f25000 	C:\Windows\SYSTEM32\OLEACC.dll
0x00007ff8ea2b0000 - 0x00007ff8ea2ed000 	C:\Windows\System32\IME\IMEKR\imkrapi.dll
0x00007ff8ea270000 - 0x00007ff8ea2ac000 	C:\Windows\System32\IME\shared\imjkapi.dll

dbghelp: loaded successfully - version: 4.0.5 - missing functions: none
symbol engine: initialized successfully - sym options: 0x614 - pdb path: .;C:\Program Files\Java\jre-10.0.2\bin;C:\Windows\SYSTEM32;C:\Windows\WinSxS\amd64_microsoft.windows.common-controls_6595b64144ccf1df_6.0.18362.836_none_e6c4b943130f18ed;C:\Program Files\Java\jre-10.0.2\bin\server;D:\Bandicam;C:\Windows\WinSxS\amd64_microsoft.vc90.crt_1fc8b3b9a1e18e3b_9.0.30729.9619_none_08e065a3a84109b0;C:\Windows\System32\DriverStore\FileRepository\nv_dispi.inf_amd64_fd5965e649b796e5;C:\Windows\System32\IME\IMEKR;C:\Windows\System32\IME\shared

VM Arguments:
jvm_args: -Dfile.encoding=UTF-8 
java_command: Operator
java_class_path (initial): C:\Users\±èÁ¾±Ô\git\WeatherPJ\bin;D:\Download\json-simple-1.1.1.jar
Launcher Type: SUN_STANDARD

Logging:
Log output configuration:
#0: stdout all=warning uptime,level,tags
#1: stderr all=off uptime,level,tags

Environment Variables:
CLASSPATH=%JAVA_HOME%\lib
PATH=C:/Program Files/Java/jre1.8.0_201/bin/server;C:/Program Files/Java/jre1.8.0_201/bin;C:/Program Files/Java/jre1.8.0_201/lib/amd64;C:\Program Files (x86)\Common Files\Oracle\Java\javapath;C:\Windows\system32;C:\Windows;C:\Windows\System32\Wbem;C:\Windows\System32\WindowsPowerShell\v1.0\;C:\Windows\System32\OpenSSH\;C:\Program Files\NVIDIA Corporation\NVIDIA NGX;C:\Program Files (x86)\NVIDIA Corporation\PhysX\Common;C:\Program Files\Intel\WiFi\bin\;C:\Program Files\Common Files\Intel\WirelessCommon\;C:\Program Files\NVIDIA Corporation\NVIDIA NvDLISR;D:\¹Ö¹Ö\;C:\Program Files\Git\cmd;%JAVA_HOME%\bin;C:\Users\±èÁ¾±Ô\AppData\Local\Programs\Python\Python37-32\Scripts\;C:\Users\±èÁ¾±Ô\AppData\Local\Programs\Python\Python37-32\;C:\Users\±èÁ¾±Ô\AppData\Local\Microsoft\WindowsApps;C:\Users\±èÁ¾±Ô\Desktop\¹Ö¹Ö\°³¹ß\x86_64-8.1.0-release-posix-seh-rt_v6-rev0\mingw64\bin;D:\¹Ö¹Ö\Microsoft VS Code\bin;C:\Users\±èÁ¾±Ô\AppData\Local\atom\bin;C:\Program Files\Java\jre1.8.0_201;C:\Users\±èÁ¾±Ô\AppData\Local\GitHubDesktop\bin;C:\Windows\system32;
USERNAME=±èÁ¾±Ô
OS=Windows_NT
PROCESSOR_IDENTIFIER=AMD64 Family 23 Model 113 Stepping 0, AuthenticAMD



---------------  S Y S T E M  ---------------

OS: Windows 10 , 64 bit Build 18362 (10.0.18362.778)

CPU:total 16 (initial active 16) (16 cores per cpu, 2 threads per core) family 23 model 113 stepping 0, cmov, cx8, fxsr, mmx, sse, sse2, sse3, ssse3, sse4.1, sse4.2, popcnt, avx, avx2, aes, clmul, mmxext, 3dnowpref, lzcnt, sse4a, ht, tsc, tscinvbit, tscinv, bmi1, bmi2, adx, sha, fma

Memory: 4k page, physical 16725052k(2300208k free), swap 67056700k(387348k free)

vm_info: Java HotSpot(TM) 64-Bit Server VM (10.0.2+13) for windows-amd64 JRE (10.0.2+13), built on Jun 28 2018 01:57:56 by "mach5one" with MS VC++ 12.0 (VS2013)

END.
