#
# There is insufficient memory for the Java Runtime Environment to continue.
# Native memory allocation (malloc) failed to allocate 79536 bytes for Chunk::new
# Possible reasons:
#   The system is out of physical RAM or swap space
#   The process is running with CompressedOops enabled, and the Java Heap may be blocking the growth of the native heap
# Possible solutions:
#   Reduce memory load on the system
#   Increase physical memory or swap space
#   Check if swap backing store is full
#   Decrease Java heap size (-Xmx/-Xms)
#   Decrease number of Java threads
#   Decrease Java thread stack sizes (-Xss)
#   Set larger code cache with -XX:ReservedCodeCacheSize=
#   JVM is running with Zero Based Compressed Oops mode in which the Java heap is
#     placed in the first 32GB address space. The Java Heap base address is the
#     maximum limit for the native heap growth. Please use -XX:HeapBaseMinAddress
#     to set the Java Heap base and to place the Java Heap above 32GB virtual address.
# This output file may be truncated or incomplete.
#
#  Out of Memory Error (t:/workspace/open/src/hotspot/share/memory/arena.cpp:198), pid=66112, tid=50036
#
# JRE version: Java(TM) SE Runtime Environment (10.0.2+13) (build 10.0.2+13)
# Java VM: Java HotSpot(TM) 64-Bit Server VM (10.0.2+13, mixed mode, tiered, compressed oops, g1 gc, windows-amd64)
# No core dump will be written. Minidumps are not enabled by default on client versions of Windows
#

---------------  S U M M A R Y ------------

Command Line: -Dfile.encoding=UTF-8 Operator

Host: AMD Ryzen 7 3700X 8-Core Processor             , 16 cores, 15G,  Windows 10 , 64 bit Build 18362 (10.0.18362.778)
Time: Sat Jun 06 03:38:03 2020 ¢¥eCN©öI¡¾©ö C¡ÍA¨ª¨öA elapsed time: 2325 seconds (0d 0h 38m 45s)

---------------  T H R E A D  ---------------

Current thread (0x000001e6ff52f800):  JavaThread "C2 CompilerThread3" daemon [_thread_in_native, id=50036, stack(0x000000c22fe00000,0x000000c22ff00000)]


Current CompileTask:
C2:2325090 1866       4       java.util.ArrayList::add (25 bytes)

Stack: [0x000000c22fe00000,0x000000c22ff00000]
Native frames: (J=compiled Java code, j=interpreted, Vv=VM code, C=native code)
V  [jvm.dll+0x5a01a9]
V  [jvm.dll+0x6bcf31]
V  [jvm.dll+0x6be126]
V  [jvm.dll+0x6be7b3]
V  [jvm.dll+0x234978]
V  [jvm.dll+0xbb69c]
V  [jvm.dll+0xbbbac]
V  [jvm.dll+0x34be98]
V  [jvm.dll+0x3110aa]
V  [jvm.dll+0x31063a]
V  [jvm.dll+0x1ffe91]
V  [jvm.dll+0x1ff116]
V  [jvm.dll+0x17c94b]
V  [jvm.dll+0x20c8dd]
V  [jvm.dll+0x20b6a6]
V  [jvm.dll+0x68b7ff]
V  [jvm.dll+0x59f4b0]
C  [msvcr120.dll+0x24f7f]
C  [msvcr120.dll+0x25126]
C  [KERNEL32.DLL+0x17bd4]
C  [ntdll.dll+0x6ce51]


---------------  P R O C E S S  ---------------

Threads class SMR info:
_java_thread_list=0x000001e68910e7d0, length=26, elements={
0x000001e6ff4ae000, 0x000001e6ff4c0000, 0x000001e6ff4b6800, 0x000001e6ff512800,
0x000001e6ff51b000, 0x000001e6ff522000, 0x000001e6ff523000, 0x000001e6ff52f800,
0x000001e6ff538800, 0x000001e6ff562800, 0x000001e6ff57d000, 0x000001e6ff57e000,
0x000001e6ff5b9800, 0x000001e6ff5e2800, 0x000001e6ff5eb000, 0x000001e6ff606000,
0x000001e6ff614800, 0x000001e6ff6e9000, 0x000001e6ff6eb800, 0x000001e6803d0000,
0x000001e68041d000, 0x000001e680342000, 0x000001e684aba800, 0x000001e6db304000,
0x000001e684c01800, 0x000001e684a80000
}

Java Threads: ( => current thread )
  0x000001e6ff4ae000 JavaThread "Reference Handler" daemon [_thread_blocked, id=65728, stack(0x000000c22f700000,0x000000c22f800000)]
  0x000001e6ff4c0000 JavaThread "Finalizer" daemon [_thread_blocked, id=5244, stack(0x000000c22f800000,0x000000c22f900000)]
  0x000001e6ff4b6800 JavaThread "Signal Dispatcher" daemon [_thread_blocked, id=66396, stack(0x000000c22f900000,0x000000c22fa00000)]
  0x000001e6ff512800 JavaThread "Attach Listener" daemon [_thread_blocked, id=66520, stack(0x000000c22fa00000,0x000000c22fb00000)]
  0x000001e6ff51b000 JavaThread "C2 CompilerThread0" daemon [_thread_blocked, id=65744, stack(0x000000c22fb00000,0x000000c22fc00000)]
  0x000001e6ff522000 JavaThread "C2 CompilerThread1" daemon [_thread_blocked, id=18988, stack(0x000000c22fc00000,0x000000c22fd00000)]
  0x000001e6ff523000 JavaThread "C2 CompilerThread2" daemon [_thread_blocked, id=29304, stack(0x000000c22fd00000,0x000000c22fe00000)]
=>0x000001e6ff52f800 JavaThread "C2 CompilerThread3" daemon [_thread_in_native, id=50036, stack(0x000000c22fe00000,0x000000c22ff00000)]
  0x000001e6ff538800 JavaThread "C2 CompilerThread4" daemon [_thread_blocked, id=66460, stack(0x000000c22ff00000,0x000000c230000000)]
  0x000001e6ff562800 JavaThread "C2 CompilerThread5" daemon [_thread_blocked, id=36736, stack(0x000000c230000000,0x000000c230100000)]
  0x000001e6ff57d000 JavaThread "C2 CompilerThread6" daemon [_thread_blocked, id=22200, stack(0x000000c230100000,0x000000c230200000)]
  0x000001e6ff57e000 JavaThread "C2 CompilerThread7" daemon [_thread_blocked, id=65904, stack(0x000000c230200000,0x000000c230300000)]
  0x000001e6ff5b9800 JavaThread "C1 CompilerThread8" daemon [_thread_blocked, id=61516, stack(0x000000c230300000,0x000000c230400000)]
  0x000001e6ff5e2800 JavaThread "C1 CompilerThread9" daemon [_thread_blocked, id=34476, stack(0x000000c230400000,0x000000c230500000)]
  0x000001e6ff5eb000 JavaThread "C1 CompilerThread10" daemon [_thread_blocked, id=65836, stack(0x000000c230500000,0x000000c230600000)]
  0x000001e6ff606000 JavaThread "C1 CompilerThread11" daemon [_thread_blocked, id=33788, stack(0x000000c230600000,0x000000c230700000)]
  0x000001e6ff614800 JavaThread "Sweeper thread" daemon [_thread_blocked, id=66420, stack(0x000000c230700000,0x000000c230800000)]
  0x000001e6ff6e9000 JavaThread "Service Thread" daemon [_thread_blocked, id=39816, stack(0x000000c230800000,0x000000c230900000)]
  0x000001e6ff6eb800 JavaThread "Common-Cleaner" daemon [_thread_blocked, id=49988, stack(0x000000c230900000,0x000000c230a00000)]
  0x000001e6803d0000 JavaThread "Java2D Disposer" daemon [_thread_blocked, id=7388, stack(0x000000c230b00000,0x000000c230c00000)]
  0x000001e68041d000 JavaThread "AWT-Shutdown" [_thread_blocked, id=64156, stack(0x000000c230c00000,0x000000c230d00000)]
  0x000001e680342000 JavaThread "AWT-Windows" daemon [_thread_in_native, id=61340, stack(0x000000c230d00000,0x000000c230e00000)]
  0x000001e684aba800 JavaThread "AWT-EventQueue-0" [_thread_blocked, id=53812, stack(0x000000c231100000,0x000000c231200000)]
  0x000001e6db304000 JavaThread "DestroyJavaVM" [_thread_blocked, id=56548, stack(0x000000c22d600000,0x000000c22d700000)]
  0x000001e684c01800 JavaThread "D3D Screen Updater" daemon [_thread_blocked, id=21224, stack(0x000000c231600000,0x000000c231700000)]
  0x000001e684a80000 JavaThread "TimerQueue" daemon [_thread_blocked, id=66064, stack(0x000000c231710000,0x000000c231810000)]

Other Threads:
  0x000001e6ff47e000 VMThread "VM Thread" [stack: 0x000000c22f600000,0x000000c22f700000] [id=47204]
  0x000001e6ff75b000 WatcherThread [stack: 0x000000c230a00000,0x000000c230b00000] [id=13016]
  0x000001e6db31f000 GCTaskThread "GC Thread#0" [stack: 0x000000c22d700000,0x000000c22d800000] [id=65928]
  0x000001e6db320800 GCTaskThread "GC Thread#1" [stack: 0x000000c22d800000,0x000000c22d900000] [id=54936]
  0x000001e6db322800 GCTaskThread "GC Thread#2" [stack: 0x000000c22d900000,0x000000c22da00000] [id=20708]
  0x000001e6db325800 GCTaskThread "GC Thread#3" [stack: 0x000000c22da00000,0x000000c22db00000] [id=57280]
  0x000001e6db327000 GCTaskThread "GC Thread#4" [stack: 0x000000c22db00000,0x000000c22dc00000] [id=66276]
  0x000001e6db32a800 GCTaskThread "GC Thread#5" [stack: 0x000000c22dc00000,0x000000c22dd00000] [id=65720]
  0x000001e6db330000 GCTaskThread "GC Thread#6" [stack: 0x000000c22dd00000,0x000000c22de00000] [id=65664]
  0x000001e6db331800 GCTaskThread "GC Thread#7" [stack: 0x000000c22de00000,0x000000c22df00000] [id=66200]
  0x000001e6db332800 GCTaskThread "GC Thread#8" [stack: 0x000000c22df00000,0x000000c22e000000] [id=65692]
  0x000001e6db334000 GCTaskThread "GC Thread#9" [stack: 0x000000c22e000000,0x000000c22e100000] [id=27360]
  0x000001e6db336000 GCTaskThread "GC Thread#10" [stack: 0x000000c22e100000,0x000000c22e200000] [id=66100]
  0x000001e6db341000 GCTaskThread "GC Thread#11" [stack: 0x000000c22e200000,0x000000c22e300000] [id=59132]
  0x000001e6db341800 GCTaskThread "GC Thread#12" [stack: 0x000000c22e300000,0x000000c22e400000] [id=28160]
  0x000001e6db394800 ConcurrentGCThread "G1 Main Marker" [stack: 0x000000c22e400000,0x000000c22e500000] [id=59788]
  0x000001e6db396800 ConcurrentGCThread "G1 Conc#0" [stack: 0x000000c22e500000,0x000000c22e600000] [id=65360]
  0x000001e6db397800 ConcurrentGCThread "G1 Conc#1" [stack: 0x000000c22e600000,0x000000c22e700000] [id=64148]
  0x000001e6db398800 ConcurrentGCThread "G1 Conc#2" [stack: 0x000000c22e700000,0x000000c22e800000] [id=66508]
  0x000001e6fbc2b800 ConcurrentGCThread "G1 Refine#0" [stack: 0x000000c22e800000,0x000000c22e900000] [id=65540]
  0x000001e6fbc2c000 ConcurrentGCThread "G1 Refine#1" [stack: 0x000000c22e900000,0x000000c22ea00000] [id=54284]
  0x000001e6fbc2e800 ConcurrentGCThread "G1 Refine#2" [stack: 0x000000c22ea00000,0x000000c22eb00000] [id=32136]
  0x000001e6fbc2f800 ConcurrentGCThread "G1 Refine#3" [stack: 0x000000c22eb00000,0x000000c22ec00000] [id=19560]
  0x000001e6fbc30000 ConcurrentGCThread "G1 Refine#4" [stack: 0x000000c22ec00000,0x000000c22ed00000] [id=47768]
  0x000001e6fbc30800 ConcurrentGCThread "G1 Refine#5" [stack: 0x000000c22ed00000,0x000000c22ee00000] [id=65840]
  0x000001e6fbc34800 ConcurrentGCThread "G1 Refine#6" [stack: 0x000000c22ee00000,0x000000c22ef00000] [id=14824]
  0x000001e6fbc35000 ConcurrentGCThread "G1 Refine#7" [stack: 0x000000c22ef00000,0x000000c22f000000] [id=34588]
  0x000001e6fbc3b800 ConcurrentGCThread "G1 Refine#8" [stack: 0x000000c22f000000,0x000000c22f100000] [id=15524]
  0x000001e6fbc3c800 ConcurrentGCThread "G1 Refine#9" [stack: 0x000000c22f100000,0x000000c22f200000] [id=53564]
  0x000001e6fbc3f000 ConcurrentGCThread "G1 Refine#10" [stack: 0x000000c22f200000,0x000000c22f300000] [id=7748]
  0x000001e6fbc3f800 ConcurrentGCThread "G1 Refine#11" [stack: 0x000000c22f300000,0x000000c22f400000] [id=52676]
  0x000001e6fbc41800 ConcurrentGCThread "G1 Refine#12" [stack: 0x000000c22f400000,0x000000c22f500000] [id=60816]
  0x000001e6fbc4e000 ConcurrentGCThread "G1 Young RemSet Sampling" [stack: 0x000000c22f500000,0x000000c22f600000] [id=66076]

Threads with active compile tasks:
C2 CompilerThread31866       4       java.util.ArrayList::add (25 bytes)

VM state:not at safepoint (normal execution)

VM Mutex/Monitor currently owned by a thread: None

Heap address: 0x00000006c0c00000, size: 4084 MB, Compressed Oops mode: Zero based, Oop shift amount: 3
Narrow klass base: 0x0000000000000000, Narrow klass shift: 3
Compressed class space size: 1073741824 Address: 0x00000007c0000000

Heap:
 garbage-first heap   total 262144K, used 12396K [0x00000006c0c00000, 0x00000007c0000000)
  region size 1024K, 10 young (10240K), 3 survivors (3072K)
 Metaspace       used 17497K, capacity 17983K, committed 18176K, reserved 1064960K
  class space    used 2044K, capacity 2280K, committed 2304K, reserved 1048576K
Heap Regions: E=young(eden), S=young(survivor), O=old, HS=humongous(starts), HC=humongous(continues), CS=collection set, F=free, A=archive, TS=gc time stamp, AC=allocation context, TAMS=top-at-mark-start (previous, next)
|   0|0x00000006c0c00000, 0x00000006c0d00000, 0x00000006c0d00000|100%| O|  |TS  1|AC  0|TAMS 0x00000006c0c00000, 0x00000006c0c00000|
|   1|0x00000006c0d00000, 0x00000006c0d1b000, 0x00000006c0e00000| 10%| O|  |TS  1|AC  0|TAMS 0x00000006c0d00000, 0x00000006c0d00000|
|   2|0x00000006c0e00000, 0x00000006c0f00000, 0x00000006c0f00000|100%|HS|  |TS  0|AC  0|TAMS 0x00000006c0e00000, 0x00000006c0e00000|
|   3|0x00000006c0f00000, 0x00000006c1000000, 0x00000006c1000000|100%|HS|  |TS  0|AC  0|TAMS 0x00000006c0f00000, 0x00000006c0f00000|
|   4|0x00000006c1000000, 0x00000006c1000000, 0x00000006c1100000|  0%| F|  |TS  0|AC  0|TAMS 0x00000006c1000000, 0x00000006c1000000|
|   5|0x00000006c1100000, 0x00000006c1100000, 0x00000006c1200000|  0%| F|  |TS  0|AC  0|TAMS 0x00000006c1100000, 0x00000006c1100000|
|   6|0x00000006c1200000, 0x00000006c1200000, 0x00000006c1300000|  0%| F|  |TS  0|AC  0|TAMS 0x00000006c1200000, 0x00000006c1200000|
|   7|0x00000006c1300000, 0x00000006c1300000, 0x00000006c1400000|  0%| F|  |TS  0|AC  0|TAMS 0x00000006c1300000, 0x00000006c1300000|
|   8|0x00000006c1400000, 0x00000006c1400000, 0x00000006c1500000|  0%| F|  |TS  0|AC  0|TAMS 0x00000006c1400000, 0x00000006c1400000|
|   9|0x00000006c1500000, 0x00000006c1500000, 0x00000006c1600000|  0%| F|  |TS  0|AC  0|TAMS 0x00000006c1500000, 0x00000006c1500000|
|  10|0x00000006c1600000, 0x00000006c1600000, 0x00000006c1700000|  0%| F|  |TS  0|AC  0|TAMS 0x00000006c1600000, 0x00000006c1600000|
|  11|0x00000006c1700000, 0x00000006c1700000, 0x00000006c1800000|  0%| F|  |TS  0|AC  0|TAMS 0x00000006c1700000, 0x00000006c1700000|
|  12|0x00000006c1800000, 0x00000006c1800000, 0x00000006c1900000|  0%| F|  |TS  0|AC  0|TAMS 0x00000006c1800000, 0x00000006c1800000|
|  13|0x00000006c1900000, 0x00000006c1900000, 0x00000006c1a00000|  0%| F|  |TS  0|AC  0|TAMS 0x00000006c1900000, 0x00000006c1900000|
|  14|0x00000006c1a00000, 0x00000006c1a00000, 0x00000006c1b00000|  0%| F|  |TS  0|AC  0|TAMS 0x00000006c1a00000, 0x00000006c1a00000|
|  15|0x00000006c1b00000, 0x00000006c1b00000, 0x00000006c1c00000|  0%| F|  |TS  0|AC  0|TAMS 0x00000006c1b00000, 0x00000006c1b00000|
|  16|0x00000006c1c00000, 0x00000006c1c00000, 0x00000006c1d00000|  0%| F|  |TS  0|AC  0|TAMS 0x00000006c1c00000, 0x00000006c1c00000|
|  17|0x00000006c1d00000, 0x00000006c1d00000, 0x00000006c1e00000|  0%| F|  |TS  0|AC  0|TAMS 0x00000006c1d00000, 0x00000006c1d00000|
|  18|0x00000006c1e00000, 0x00000006c1e00000, 0x00000006c1f00000|  0%| F|  |TS  0|AC  0|TAMS 0x00000006c1e00000, 0x00000006c1e00000|
|  19|0x00000006c1f00000, 0x00000006c1f00000, 0x00000006c2000000|  0%| F|  |TS  0|AC  0|TAMS 0x00000006c1f00000, 0x00000006c1f00000|
|  20|0x00000006c2000000, 0x00000006c2000000, 0x00000006c2100000|  0%| F|  |TS  0|AC  0|TAMS 0x00000006c2000000, 0x00000006c2000000|
|  21|0x00000006c2100000, 0x00000006c2100000, 0x00000006c2200000|  0%| F|  |TS  0|AC  0|TAMS 0x00000006c2100000, 0x00000006c2100000|
|  22|0x00000006c2200000, 0x00000006c2200000, 0x00000006c2300000|  0%| F|  |TS  0|AC  0|TAMS 0x00000006c2200000, 0x00000006c2200000|
|  23|0x00000006c2300000, 0x00000006c2300000, 0x00000006c2400000|  0%| F|  |TS  0|AC  0|TAMS 0x00000006c2300000, 0x00000006c2300000|
|  24|0x00000006c2400000, 0x00000006c2400000, 0x00000006c2500000|  0%| F|  |TS  0|AC  0|TAMS 0x00000006c2400000, 0x00000006c2400000|
|  25|0x00000006c2500000, 0x00000006c2500000, 0x00000006c2600000|  0%| F|  |TS  0|AC  0|TAMS 0x00000006c2500000, 0x00000006c2500000|
|  26|0x00000006c2600000, 0x00000006c2600000, 0x00000006c2700000|  0%| F|  |TS  0|AC  0|TAMS 0x00000006c2600000, 0x00000006c2600000|
|  27|0x00000006c2700000, 0x00000006c2700000, 0x00000006c2800000|  0%| F|  |TS  0|AC  0|TAMS 0x00000006c2700000, 0x00000006c2700000|
|  28|0x00000006c2800000, 0x00000006c2800000, 0x00000006c2900000|  0%| F|  |TS  0|AC  0|TAMS 0x00000006c2800000, 0x00000006c2800000|
|  29|0x00000006c2900000, 0x00000006c2900000, 0x00000006c2a00000|  0%| F|  |TS  0|AC  0|TAMS 0x00000006c2900000, 0x00000006c2900000|
|  30|0x00000006c2a00000, 0x00000006c2a00000, 0x00000006c2b00000|  0%| F|  |TS  0|AC  0|TAMS 0x00000006c2a00000, 0x00000006c2a00000|
|  31|0x00000006c2b00000, 0x00000006c2b00000, 0x00000006c2c00000|  0%| F|  |TS  0|AC  0|TAMS 0x00000006c2b00000, 0x00000006c2b00000|
|  32|0x00000006c2c00000, 0x00000006c2c00000, 0x00000006c2d00000|  0%| F|  |TS  0|AC  0|TAMS 0x00000006c2c00000, 0x00000006c2c00000|
|  33|0x00000006c2d00000, 0x00000006c2d00000, 0x00000006c2e00000|  0%| F|  |TS  0|AC  0|TAMS 0x00000006c2d00000, 0x00000006c2d00000|
|  34|0x00000006c2e00000, 0x00000006c2e00000, 0x00000006c2f00000|  0%| F|  |TS  0|AC  0|TAMS 0x00000006c2e00000, 0x00000006c2e00000|
|  35|0x00000006c2f00000, 0x00000006c2f00000, 0x00000006c3000000|  0%| F|  |TS  0|AC  0|TAMS 0x00000006c2f00000, 0x00000006c2f00000|
|  36|0x00000006c3000000, 0x00000006c3000000, 0x00000006c3100000|  0%| F|  |TS  0|AC  0|TAMS 0x00000006c3000000, 0x00000006c3000000|
|  37|0x00000006c3100000, 0x00000006c3100000, 0x00000006c3200000|  0%| F|  |TS  0|AC  0|TAMS 0x00000006c3100000, 0x00000006c3100000|
|  38|0x00000006c3200000, 0x00000006c3200000, 0x00000006c3300000|  0%| F|  |TS  0|AC  0|TAMS 0x00000006c3200000, 0x00000006c3200000|
|  39|0x00000006c3300000, 0x00000006c3300000, 0x00000006c3400000|  0%| F|  |TS  0|AC  0|TAMS 0x00000006c3300000, 0x00000006c3300000|
|  40|0x00000006c3400000, 0x00000006c3400000, 0x00000006c3500000|  0%| F|  |TS  0|AC  0|TAMS 0x00000006c3400000, 0x00000006c3400000|
|  41|0x00000006c3500000, 0x00000006c3500000, 0x00000006c3600000|  0%| F|  |TS  0|AC  0|TAMS 0x00000006c3500000, 0x00000006c3500000|
|  42|0x00000006c3600000, 0x00000006c3600000, 0x00000006c3700000|  0%| F|  |TS  0|AC  0|TAMS 0x00000006c3600000, 0x00000006c3600000|
|  43|0x00000006c3700000, 0x00000006c3700000, 0x00000006c3800000|  0%| F|  |TS  0|AC  0|TAMS 0x00000006c3700000, 0x00000006c3700000|
|  44|0x00000006c3800000, 0x00000006c3800000, 0x00000006c3900000|  0%| F|  |TS  0|AC  0|TAMS 0x00000006c3800000, 0x00000006c3800000|
|  45|0x00000006c3900000, 0x00000006c3900000, 0x00000006c3a00000|  0%| F|  |TS  0|AC  0|TAMS 0x00000006c3900000, 0x00000006c3900000|
|  46|0x00000006c3a00000, 0x00000006c3a00000, 0x00000006c3b00000|  0%| F|  |TS  0|AC  0|TAMS 0x00000006c3a00000, 0x00000006c3a00000|
|  47|0x00000006c3b00000, 0x00000006c3b00000, 0x00000006c3c00000|  0%| F|  |TS  0|AC  0|TAMS 0x00000006c3b00000, 0x00000006c3b00000|
|  48|0x00000006c3c00000, 0x00000006c3c00000, 0x00000006c3d00000|  0%| F|  |TS  0|AC  0|TAMS 0x00000006c3c00000, 0x00000006c3c00000|
|  49|0x00000006c3d00000, 0x00000006c3d00000, 0x00000006c3e00000|  0%| F|  |TS  0|AC  0|TAMS 0x00000006c3d00000, 0x00000006c3d00000|
|  50|0x00000006c3e00000, 0x00000006c3e00000, 0x00000006c3f00000|  0%| F|  |TS  0|AC  0|TAMS 0x00000006c3e00000, 0x00000006c3e00000|
|  51|0x00000006c3f00000, 0x00000006c3f00000, 0x00000006c4000000|  0%| F|  |TS  0|AC  0|TAMS 0x00000006c3f00000, 0x00000006c3f00000|
|  52|0x00000006c4000000, 0x00000006c4000000, 0x00000006c4100000|  0%| F|  |TS  0|AC  0|TAMS 0x00000006c4000000, 0x00000006c4000000|
|  53|0x00000006c4100000, 0x00000006c4100000, 0x00000006c4200000|  0%| F|  |TS  0|AC  0|TAMS 0x00000006c4100000, 0x00000006c4100000|
|  54|0x00000006c4200000, 0x00000006c4200000, 0x00000006c4300000|  0%| F|  |TS  0|AC  0|TAMS 0x00000006c4200000, 0x00000006c4200000|
|  55|0x00000006c4300000, 0x00000006c4300000, 0x00000006c4400000|  0%| F|  |TS  0|AC  0|TAMS 0x00000006c4300000, 0x00000006c4300000|
|  56|0x00000006c4400000, 0x00000006c4400000, 0x00000006c4500000|  0%| F|  |TS  0|AC  0|TAMS 0x00000006c4400000, 0x00000006c4400000|
|  57|0x00000006c4500000, 0x00000006c4500000, 0x00000006c4600000|  0%| F|  |TS  0|AC  0|TAMS 0x00000006c4500000, 0x00000006c4500000|
|  58|0x00000006c4600000, 0x00000006c4600000, 0x00000006c4700000|  0%| F|  |TS  0|AC  0|TAMS 0x00000006c4600000, 0x00000006c4600000|
|  59|0x00000006c4700000, 0x00000006c4700000, 0x00000006c4800000|  0%| F|  |TS  0|AC  0|TAMS 0x00000006c4700000, 0x00000006c4700000|
|  60|0x00000006c4800000, 0x00000006c4800000, 0x00000006c4900000|  0%| F|  |TS  0|AC  0|TAMS 0x00000006c4800000, 0x00000006c4800000|
|  61|0x00000006c4900000, 0x00000006c4900000, 0x00000006c4a00000|  0%| F|  |TS  0|AC  0|TAMS 0x00000006c4900000, 0x00000006c4900000|
|  62|0x00000006c4a00000, 0x00000006c4a00000, 0x00000006c4b00000|  0%| F|  |TS  0|AC  0|TAMS 0x00000006c4a00000, 0x00000006c4a00000|
|  63|0x00000006c4b00000, 0x00000006c4b00000, 0x00000006c4c00000|  0%| F|  |TS  0|AC  0|TAMS 0x00000006c4b00000, 0x00000006c4b00000|
|  64|0x00000006c4c00000, 0x00000006c4c00000, 0x00000006c4d00000|  0%| F|  |TS  0|AC  0|TAMS 0x00000006c4c00000, 0x00000006c4c00000|
|  65|0x00000006c4d00000, 0x00000006c4d00000, 0x00000006c4e00000|  0%| F|  |TS  0|AC  0|TAMS 0x00000006c4d00000, 0x00000006c4d00000|
|  66|0x00000006c4e00000, 0x00000006c4e00000, 0x00000006c4f00000|  0%| F|  |TS  0|AC  0|TAMS 0x00000006c4e00000, 0x00000006c4e00000|
|  67|0x00000006c4f00000, 0x00000006c4f00000, 0x00000006c5000000|  0%| F|  |TS  0|AC  0|TAMS 0x00000006c4f00000, 0x00000006c4f00000|
|  68|0x00000006c5000000, 0x00000006c5000000, 0x00000006c5100000|  0%| F|  |TS  0|AC  0|TAMS 0x00000006c5000000, 0x00000006c5000000|
|  69|0x00000006c5100000, 0x00000006c5100000, 0x00000006c5200000|  0%| F|  |TS  0|AC  0|TAMS 0x00000006c5100000, 0x00000006c5100000|
|  70|0x00000006c5200000, 0x00000006c5200000, 0x00000006c5300000|  0%| F|  |TS  0|AC  0|TAMS 0x00000006c5200000, 0x00000006c5200000|
|  71|0x00000006c5300000, 0x00000006c5300000, 0x00000006c5400000|  0%| F|  |TS  0|AC  0|TAMS 0x00000006c5300000, 0x00000006c5300000|
|  72|0x00000006c5400000, 0x00000006c5400000, 0x00000006c5500000|  0%| F|  |TS  0|AC  0|TAMS 0x00000006c5400000, 0x00000006c5400000|
|  73|0x00000006c5500000, 0x00000006c5500000, 0x00000006c5600000|  0%| F|  |TS  0|AC  0|TAMS 0x00000006c5500000, 0x00000006c5500000|
|  74|0x00000006c5600000, 0x00000006c5600000, 0x00000006c5700000|  0%| F|  |TS  0|AC  0|TAMS 0x00000006c5600000, 0x00000006c5600000|
|  75|0x00000006c5700000, 0x00000006c5700000, 0x00000006c5800000|  0%| F|  |TS  0|AC  0|TAMS 0x00000006c5700000, 0x00000006c5700000|
|  76|0x00000006c5800000, 0x00000006c5800000, 0x00000006c5900000|  0%| F|  |TS  0|AC  0|TAMS 0x00000006c5800000, 0x00000006c5800000|
|  77|0x00000006c5900000, 0x00000006c5900000, 0x00000006c5a00000|  0%| F|  |TS  0|AC  0|TAMS 0x00000006c5900000, 0x00000006c5900000|
|  78|0x00000006c5a00000, 0x00000006c5a00000, 0x00000006c5b00000|  0%| F|  |TS  0|AC  0|TAMS 0x00000006c5a00000, 0x00000006c5a00000|
|  79|0x00000006c5b00000, 0x00000006c5b00000, 0x00000006c5c00000|  0%| F|  |TS  0|AC  0|TAMS 0x00000006c5b00000, 0x00000006c5b00000|
|  80|0x00000006c5c00000, 0x00000006c5c00000, 0x00000006c5d00000|  0%| F|  |TS  0|AC  0|TAMS 0x00000006c5c00000, 0x00000006c5c00000|
|  81|0x00000006c5d00000, 0x00000006c5d00000, 0x00000006c5e00000|  0%| F|  |TS  0|AC  0|TAMS 0x00000006c5d00000, 0x00000006c5d00000|
|  82|0x00000006c5e00000, 0x00000006c5e00000, 0x00000006c5f00000|  0%| F|  |TS  0|AC  0|TAMS 0x00000006c5e00000, 0x00000006c5e00000|
|  83|0x00000006c5f00000, 0x00000006c5f00000, 0x00000006c6000000|  0%| F|  |TS  0|AC  0|TAMS 0x00000006c5f00000, 0x00000006c5f00000|
|  84|0x00000006c6000000, 0x00000006c6000000, 0x00000006c6100000|  0%| F|  |TS  0|AC  0|TAMS 0x00000006c6000000, 0x00000006c6000000|
|  85|0x00000006c6100000, 0x00000006c6100000, 0x00000006c6200000|  0%| F|  |TS  0|AC  0|TAMS 0x00000006c6100000, 0x00000006c6100000|
|  86|0x00000006c6200000, 0x00000006c6200000, 0x00000006c6300000|  0%| F|  |TS  0|AC  0|TAMS 0x00000006c6200000, 0x00000006c6200000|
|  87|0x00000006c6300000, 0x00000006c6300000, 0x00000006c6400000|  0%| F|  |TS  0|AC  0|TAMS 0x00000006c6300000, 0x00000006c6300000|
|  88|0x00000006c6400000, 0x00000006c6400000, 0x00000006c6500000|  0%| F|  |TS  0|AC  0|TAMS 0x00000006c6400000, 0x00000006c6400000|
|  89|0x00000006c6500000, 0x00000006c6500000, 0x00000006c6600000|  0%| F|  |TS  0|AC  0|TAMS 0x00000006c6500000, 0x00000006c6500000|
|  90|0x00000006c6600000, 0x00000006c6600000, 0x00000006c6700000|  0%| F|  |TS  0|AC  0|TAMS 0x00000006c6600000, 0x00000006c6600000|
|  91|0x00000006c6700000, 0x00000006c6700000, 0x00000006c6800000|  0%| F|  |TS  0|AC  0|TAMS 0x00000006c6700000, 0x00000006c6700000|
|  92|0x00000006c6800000, 0x00000006c6800000, 0x00000006c6900000|  0%| F|  |TS  0|AC  0|TAMS 0x00000006c6800000, 0x00000006c6800000|
|  93|0x00000006c6900000, 0x00000006c6900000, 0x00000006c6a00000|  0%| F|  |TS  0|AC  0|TAMS 0x00000006c6900000, 0x00000006c6900000|
|  94|0x00000006c6a00000, 0x00000006c6a00000, 0x00000006c6b00000|  0%| F|  |TS  0|AC  0|TAMS 0x00000006c6a00000, 0x00000006c6a00000|
|  95|0x00000006c6b00000, 0x00000006c6b00000, 0x00000006c6c00000|  0%| F|  |TS  0|AC  0|TAMS 0x00000006c6b00000, 0x00000006c6b00000|
|  96|0x00000006c6c00000, 0x00000006c6c00000, 0x00000006c6d00000|  0%| F|  |TS  0|AC  0|TAMS 0x00000006c6c00000, 0x00000006c6c00000|
|  97|0x00000006c6d00000, 0x00000006c6d00000, 0x00000006c6e00000|  0%| F|  |TS  0|AC  0|TAMS 0x00000006c6d00000, 0x00000006c6d00000|
|  98|0x00000006c6e00000, 0x00000006c6e00000, 0x00000006c6f00000|  0%| F|  |TS  0|AC  0|TAMS 0x00000006c6e00000, 0x00000006c6e00000|
|  99|0x00000006c6f00000, 0x00000006c6f00000, 0x00000006c7000000|  0%| F|  |TS  0|AC  0|TAMS 0x00000006c6f00000, 0x00000006c6f00000|
| 100|0x00000006c7000000, 0x00000006c7000000, 0x00000006c7100000|  0%| F|  |TS  0|AC  0|TAMS 0x00000006c7000000, 0x00000006c7000000|
| 101|0x00000006c7100000, 0x00000006c7100000, 0x00000006c7200000|  0%| F|  |TS  0|AC  0|TAMS 0x00000006c7100000, 0x00000006c7100000|
| 102|0x00000006c7200000, 0x00000006c7200000, 0x00000006c7300000|  0%| F|  |TS  0|AC  0|TAMS 0x00000006c7200000, 0x00000006c7200000|
| 103|0x00000006c7300000, 0x00000006c7300000, 0x00000006c7400000|  0%| F|  |TS  0|AC  0|TAMS 0x00000006c7300000, 0x00000006c7300000|
| 104|0x00000006c7400000, 0x00000006c7400000, 0x00000006c7500000|  0%| F|  |TS  0|AC  0|TAMS 0x00000006c7400000, 0x00000006c7400000|
| 105|0x00000006c7500000, 0x00000006c7500000, 0x00000006c7600000|  0%| F|  |TS  0|AC  0|TAMS 0x00000006c7500000, 0x00000006c7500000|
| 106|0x00000006c7600000, 0x00000006c7600000, 0x00000006c7700000|  0%| F|  |TS  0|AC  0|TAMS 0x00000006c7600000, 0x00000006c7600000|
| 107|0x00000006c7700000, 0x00000006c7700000, 0x00000006c7800000|  0%| F|  |TS  0|AC  0|TAMS 0x00000006c7700000, 0x00000006c7700000|
| 108|0x00000006c7800000, 0x00000006c7800000, 0x00000006c7900000|  0%| F|  |TS  0|AC  0|TAMS 0x00000006c7800000, 0x00000006c7800000|
| 109|0x00000006c7900000, 0x00000006c7900000, 0x00000006c7a00000|  0%| F|  |TS  0|AC  0|TAMS 0x00000006c7900000, 0x00000006c7900000|
| 110|0x00000006c7a00000, 0x00000006c7a00000, 0x00000006c7b00000|  0%| F|  |TS  0|AC  0|TAMS 0x00000006c7a00000, 0x00000006c7a00000|
| 111|0x00000006c7b00000, 0x00000006c7b00000, 0x00000006c7c00000|  0%| F|  |TS  0|AC  0|TAMS 0x00000006c7b00000, 0x00000006c7b00000|
| 112|0x00000006c7c00000, 0x00000006c7c00000, 0x00000006c7d00000|  0%| F|  |TS  0|AC  0|TAMS 0x00000006c7c00000, 0x00000006c7c00000|
| 113|0x00000006c7d00000, 0x00000006c7d00000, 0x00000006c7e00000|  0%| F|  |TS  0|AC  0|TAMS 0x00000006c7d00000, 0x00000006c7d00000|
| 114|0x00000006c7e00000, 0x00000006c7e00000, 0x00000006c7f00000|  0%| F|  |TS  0|AC  0|TAMS 0x00000006c7e00000, 0x00000006c7e00000|
| 115|0x00000006c7f00000, 0x00000006c7f00000, 0x00000006c8000000|  0%| F|  |TS  0|AC  0|TAMS 0x00000006c7f00000, 0x00000006c7f00000|
| 116|0x00000006c8000000, 0x00000006c8000000, 0x00000006c8100000|  0%| F|  |TS  0|AC  0|TAMS 0x00000006c8000000, 0x00000006c8000000|
| 117|0x00000006c8100000, 0x00000006c8100000, 0x00000006c8200000|  0%| F|  |TS  0|AC  0|TAMS 0x00000006c8100000, 0x00000006c8100000|
| 118|0x00000006c8200000, 0x00000006c8200000, 0x00000006c8300000|  0%| F|  |TS  0|AC  0|TAMS 0x00000006c8200000, 0x00000006c8200000|
| 119|0x00000006c8300000, 0x00000006c8300000, 0x00000006c8400000|  0%| F|  |TS  0|AC  0|TAMS 0x00000006c8300000, 0x00000006c8300000|
| 120|0x00000006c8400000, 0x00000006c8400000, 0x00000006c8500000|  0%| F|  |TS  0|AC  0|TAMS 0x00000006c8400000, 0x00000006c8400000|
| 121|0x00000006c8500000, 0x00000006c8500000, 0x00000006c8600000|  0%| F|  |TS  0|AC  0|TAMS 0x00000006c8500000, 0x00000006c8500000|
| 122|0x00000006c8600000, 0x00000006c8600000, 0x00000006c8700000|  0%| F|  |TS  0|AC  0|TAMS 0x00000006c8600000, 0x00000006c8600000|
| 123|0x00000006c8700000, 0x00000006c8700000, 0x00000006c8800000|  0%| F|  |TS  0|AC  0|TAMS 0x00000006c8700000, 0x00000006c8700000|
| 124|0x00000006c8800000, 0x00000006c8800000, 0x00000006c8900000|  0%| F|  |TS  0|AC  0|TAMS 0x00000006c8800000, 0x00000006c8800000|
| 125|0x00000006c8900000, 0x00000006c8900000, 0x00000006c8a00000|  0%| F|  |TS  0|AC  0|TAMS 0x00000006c8900000, 0x00000006c8900000|
| 126|0x00000006c8a00000, 0x00000006c8a00000, 0x00000006c8b00000|  0%| F|  |TS  0|AC  0|TAMS 0x00000006c8a00000, 0x00000006c8a00000|
| 127|0x00000006c8b00000, 0x00000006c8b00000, 0x00000006c8c00000|  0%| F|  |TS  0|AC  0|TAMS 0x00000006c8b00000, 0x00000006c8b00000|
| 128|0x00000006c8c00000, 0x00000006c8c00000, 0x00000006c8d00000|  0%| F|  |TS  0|AC  0|TAMS 0x00000006c8c00000, 0x00000006c8c00000|
| 129|0x00000006c8d00000, 0x00000006c8d00000, 0x00000006c8e00000|  0%| F|  |TS  0|AC  0|TAMS 0x00000006c8d00000, 0x00000006c8d00000|
| 130|0x00000006c8e00000, 0x00000006c8e00000, 0x00000006c8f00000|  0%| F|  |TS  0|AC  0|TAMS 0x00000006c8e00000, 0x00000006c8e00000|
| 131|0x00000006c8f00000, 0x00000006c8f00000, 0x00000006c9000000|  0%| F|  |TS  0|AC  0|TAMS 0x00000006c8f00000, 0x00000006c8f00000|
| 132|0x00000006c9000000, 0x00000006c9000000, 0x00000006c9100000|  0%| F|  |TS  0|AC  0|TAMS 0x00000006c9000000, 0x00000006c9000000|
| 133|0x00000006c9100000, 0x00000006c9100000, 0x00000006c9200000|  0%| F|  |TS  0|AC  0|TAMS 0x00000006c9100000, 0x00000006c9100000|
| 134|0x00000006c9200000, 0x00000006c9200000, 0x00000006c9300000|  0%| F|  |TS  0|AC  0|TAMS 0x00000006c9200000, 0x00000006c9200000|
| 135|0x00000006c9300000, 0x00000006c9300000, 0x00000006c9400000|  0%| F|  |TS  0|AC  0|TAMS 0x00000006c9300000, 0x00000006c9300000|
| 136|0x00000006c9400000, 0x00000006c9400000, 0x00000006c9500000|  0%| F|  |TS  0|AC  0|TAMS 0x00000006c9400000, 0x00000006c9400000|
| 137|0x00000006c9500000, 0x00000006c9500000, 0x00000006c9600000|  0%| F|  |TS  0|AC  0|TAMS 0x00000006c9500000, 0x00000006c9500000|
| 138|0x00000006c9600000, 0x00000006c9600000, 0x00000006c9700000|  0%| F|  |TS  0|AC  0|TAMS 0x00000006c9600000, 0x00000006c9600000|
| 139|0x00000006c9700000, 0x00000006c9700000, 0x00000006c9800000|  0%| F|  |TS  0|AC  0|TAMS 0x00000006c9700000, 0x00000006c9700000|
| 140|0x00000006c9800000, 0x00000006c9800000, 0x00000006c9900000|  0%| F|  |TS  0|AC  0|TAMS 0x00000006c9800000, 0x00000006c9800000|
| 141|0x00000006c9900000, 0x00000006c9900000, 0x00000006c9a00000|  0%| F|  |TS  0|AC  0|TAMS 0x00000006c9900000, 0x00000006c9900000|
| 142|0x00000006c9a00000, 0x00000006c9a00000, 0x00000006c9b00000|  0%| F|  |TS  0|AC  0|TAMS 0x00000006c9a00000, 0x00000006c9a00000|
| 143|0x00000006c9b00000, 0x00000006c9b00000, 0x00000006c9c00000|  0%| F|  |TS  0|AC  0|TAMS 0x00000006c9b00000, 0x00000006c9b00000|
| 144|0x00000006c9c00000, 0x00000006c9c00000, 0x00000006c9d00000|  0%| F|  |TS  0|AC  0|TAMS 0x00000006c9c00000, 0x00000006c9c00000|
| 145|0x00000006c9d00000, 0x00000006c9d00000, 0x00000006c9e00000|  0%| F|  |TS  0|AC  0|TAMS 0x00000006c9d00000, 0x00000006c9d00000|
| 146|0x00000006c9e00000, 0x00000006c9e00000, 0x00000006c9f00000|  0%| F|  |TS  0|AC  0|TAMS 0x00000006c9e00000, 0x00000006c9e00000|
| 147|0x00000006c9f00000, 0x00000006c9f00000, 0x00000006ca000000|  0%| F|  |TS  0|AC  0|TAMS 0x00000006c9f00000, 0x00000006c9f00000|
| 148|0x00000006ca000000, 0x00000006ca000000, 0x00000006ca100000|  0%| F|  |TS  0|AC  0|TAMS 0x00000006ca000000, 0x00000006ca000000|
| 149|0x00000006ca100000, 0x00000006ca100000, 0x00000006ca200000|  0%| F|  |TS  0|AC  0|TAMS 0x00000006ca100000, 0x00000006ca100000|
| 150|0x00000006ca200000, 0x00000006ca200000, 0x00000006ca300000|  0%| F|  |TS  0|AC  0|TAMS 0x00000006ca200000, 0x00000006ca200000|
| 151|0x00000006ca300000, 0x00000006ca300000, 0x00000006ca400000|  0%| F|  |TS  0|AC  0|TAMS 0x00000006ca300000, 0x00000006ca300000|
| 152|0x00000006ca400000, 0x00000006ca400000, 0x00000006ca500000|  0%| F|  |TS  0|AC  0|TAMS 0x00000006ca400000, 0x00000006ca400000|
| 153|0x00000006ca500000, 0x00000006ca500000, 0x00000006ca600000|  0%| F|  |TS  0|AC  0|TAMS 0x00000006ca500000, 0x00000006ca500000|
| 154|0x00000006ca600000, 0x00000006ca600000, 0x00000006ca700000|  0%| F|  |TS  0|AC  0|TAMS 0x00000006ca600000, 0x00000006ca600000|
| 155|0x00000006ca700000, 0x00000006ca700000, 0x00000006ca800000|  0%| F|  |TS  0|AC  0|TAMS 0x00000006ca700000, 0x00000006ca700000|
| 156|0x00000006ca800000, 0x00000006ca800000, 0x00000006ca900000|  0%| F|  |TS  0|AC  0|TAMS 0x00000006ca800000, 0x00000006ca800000|
| 157|0x00000006ca900000, 0x00000006ca900000, 0x00000006caa00000|  0%| F|  |TS  0|AC  0|TAMS 0x00000006ca900000, 0x00000006ca900000|
| 158|0x00000006caa00000, 0x00000006caa00000, 0x00000006cab00000|  0%| F|  |TS  0|AC  0|TAMS 0x00000006caa00000, 0x00000006caa00000|
| 159|0x00000006cab00000, 0x00000006cab00000, 0x00000006cac00000|  0%| F|  |TS  0|AC  0|TAMS 0x00000006cab00000, 0x00000006cab00000|
| 160|0x00000006cac00000, 0x00000006cac00000, 0x00000006cad00000|  0%| F|  |TS  0|AC  0|TAMS 0x00000006cac00000, 0x00000006cac00000|
| 161|0x00000006cad00000, 0x00000006cad00000, 0x00000006cae00000|  0%| F|  |TS  0|AC  0|TAMS 0x00000006cad00000, 0x00000006cad00000|
| 162|0x00000006cae00000, 0x00000006cae00000, 0x00000006caf00000|  0%| F|  |TS  0|AC  0|TAMS 0x00000006cae00000, 0x00000006cae00000|
| 163|0x00000006caf00000, 0x00000006caf00000, 0x00000006cb000000|  0%| F|  |TS  0|AC  0|TAMS 0x00000006caf00000, 0x00000006caf00000|
| 164|0x00000006cb000000, 0x00000006cb000000, 0x00000006cb100000|  0%| F|  |TS  0|AC  0|TAMS 0x00000006cb000000, 0x00000006cb000000|
| 165|0x00000006cb100000, 0x00000006cb100000, 0x00000006cb200000|  0%| F|  |TS  0|AC  0|TAMS 0x00000006cb100000, 0x00000006cb100000|
| 166|0x00000006cb200000, 0x00000006cb200000, 0x00000006cb300000|  0%| F|  |TS  0|AC  0|TAMS 0x00000006cb200000, 0x00000006cb200000|
| 167|0x00000006cb300000, 0x00000006cb300000, 0x00000006cb400000|  0%| F|  |TS  0|AC  0|TAMS 0x00000006cb300000, 0x00000006cb300000|
| 168|0x00000006cb400000, 0x00000006cb400000, 0x00000006cb500000|  0%| F|  |TS  0|AC  0|TAMS 0x00000006cb400000, 0x00000006cb400000|
| 169|0x00000006cb500000, 0x00000006cb500000, 0x00000006cb600000|  0%| F|  |TS  0|AC  0|TAMS 0x00000006cb500000, 0x00000006cb500000|
| 170|0x00000006cb600000, 0x00000006cb600000, 0x00000006cb700000|  0%| F|  |TS  0|AC  0|TAMS 0x00000006cb600000, 0x00000006cb600000|
| 171|0x00000006cb700000, 0x00000006cb700000, 0x00000006cb800000|  0%| F|  |TS  0|AC  0|TAMS 0x00000006cb700000, 0x00000006cb700000|
| 172|0x00000006cb800000, 0x00000006cb800000, 0x00000006cb900000|  0%| F|  |TS  0|AC  0|TAMS 0x00000006cb800000, 0x00000006cb800000|
| 173|0x00000006cb900000, 0x00000006cb900000, 0x00000006cba00000|  0%| F|  |TS  0|AC  0|TAMS 0x00000006cb900000, 0x00000006cb900000|
| 174|0x00000006cba00000, 0x00000006cba00000, 0x00000006cbb00000|  0%| F|  |TS  0|AC  0|TAMS 0x00000006cba00000, 0x00000006cba00000|
| 175|0x00000006cbb00000, 0x00000006cbb00000, 0x00000006cbc00000|  0%| F|  |TS  0|AC  0|TAMS 0x00000006cbb00000, 0x00000006cbb00000|
| 176|0x00000006cbc00000, 0x00000006cbc00000, 0x00000006cbd00000|  0%| F|  |TS  0|AC  0|TAMS 0x00000006cbc00000, 0x00000006cbc00000|
| 177|0x00000006cbd00000, 0x00000006cbd00000, 0x00000006cbe00000|  0%| F|  |TS  0|AC  0|TAMS 0x00000006cbd00000, 0x00000006cbd00000|
| 178|0x00000006cbe00000, 0x00000006cbe00000, 0x00000006cbf00000|  0%| F|  |TS  0|AC  0|TAMS 0x00000006cbe00000, 0x00000006cbe00000|
| 179|0x00000006cbf00000, 0x00000006cbf00000, 0x00000006cc000000|  0%| F|  |TS  0|AC  0|TAMS 0x00000006cbf00000, 0x00000006cbf00000|
| 180|0x00000006cc000000, 0x00000006cc000000, 0x00000006cc100000|  0%| F|  |TS  0|AC  0|TAMS 0x00000006cc000000, 0x00000006cc000000|
| 181|0x00000006cc100000, 0x00000006cc100000, 0x00000006cc200000|  0%| F|  |TS  0|AC  0|TAMS 0x00000006cc100000, 0x00000006cc100000|
| 182|0x00000006cc200000, 0x00000006cc200000, 0x00000006cc300000|  0%| F|  |TS  0|AC  0|TAMS 0x00000006cc200000, 0x00000006cc200000|
| 183|0x00000006cc300000, 0x00000006cc300000, 0x00000006cc400000|  0%| F|  |TS  0|AC  0|TAMS 0x00000006cc300000, 0x00000006cc300000|
| 184|0x00000006cc400000, 0x00000006cc400000, 0x00000006cc500000|  0%| F|  |TS  0|AC  0|TAMS 0x00000006cc400000, 0x00000006cc400000|
| 185|0x00000006cc500000, 0x00000006cc500000, 0x00000006cc600000|  0%| F|  |TS  0|AC  0|TAMS 0x00000006cc500000, 0x00000006cc500000|
| 186|0x00000006cc600000, 0x00000006cc600000, 0x00000006cc700000|  0%| F|  |TS  0|AC  0|TAMS 0x00000006cc600000, 0x00000006cc600000|
| 187|0x00000006cc700000, 0x00000006cc700000, 0x00000006cc800000|  0%| F|  |TS  0|AC  0|TAMS 0x00000006cc700000, 0x00000006cc700000|
| 188|0x00000006cc800000, 0x00000006cc800000, 0x00000006cc900000|  0%| F|  |TS  0|AC  0|TAMS 0x00000006cc800000, 0x00000006cc800000|
| 189|0x00000006cc900000, 0x00000006cc900000, 0x00000006cca00000|  0%| F|  |TS  0|AC  0|TAMS 0x00000006cc900000, 0x00000006cc900000|
| 190|0x00000006cca00000, 0x00000006cca00000, 0x00000006ccb00000|  0%| F|  |TS  0|AC  0|TAMS 0x00000006cca00000, 0x00000006cca00000|
| 191|0x00000006ccb00000, 0x00000006ccb00000, 0x00000006ccc00000|  0%| F|  |TS  0|AC  0|TAMS 0x00000006ccb00000, 0x00000006ccb00000|
| 192|0x00000006ccc00000, 0x00000006ccc00000, 0x00000006ccd00000|  0%| F|  |TS  0|AC  0|TAMS 0x00000006ccc00000, 0x00000006ccc00000|
| 193|0x00000006ccd00000, 0x00000006ccd00000, 0x00000006cce00000|  0%| F|  |TS  0|AC  0|TAMS 0x00000006ccd00000, 0x00000006ccd00000|
| 194|0x00000006cce00000, 0x00000006cce00000, 0x00000006ccf00000|  0%| F|  |TS  0|AC  0|TAMS 0x00000006cce00000, 0x00000006cce00000|
| 195|0x00000006ccf00000, 0x00000006ccf00000, 0x00000006cd000000|  0%| F|  |TS  0|AC  0|TAMS 0x00000006ccf00000, 0x00000006ccf00000|
| 196|0x00000006cd000000, 0x00000006cd000000, 0x00000006cd100000|  0%| F|  |TS  0|AC  0|TAMS 0x00000006cd000000, 0x00000006cd000000|
| 197|0x00000006cd100000, 0x00000006cd100000, 0x00000006cd200000|  0%| F|  |TS  0|AC  0|TAMS 0x00000006cd100000, 0x00000006cd100000|
| 198|0x00000006cd200000, 0x00000006cd200000, 0x00000006cd300000|  0%| F|  |TS  0|AC  0|TAMS 0x00000006cd200000, 0x00000006cd200000|
| 199|0x00000006cd300000, 0x00000006cd300000, 0x00000006cd400000|  0%| F|  |TS  0|AC  0|TAMS 0x00000006cd300000, 0x00000006cd300000|
| 200|0x00000006cd400000, 0x00000006cd400000, 0x00000006cd500000|  0%| F|  |TS  0|AC  0|TAMS 0x00000006cd400000, 0x00000006cd400000|
| 201|0x00000006cd500000, 0x00000006cd500000, 0x00000006cd600000|  0%| F|  |TS  0|AC  0|TAMS 0x00000006cd500000, 0x00000006cd500000|
| 202|0x00000006cd600000, 0x00000006cd600000, 0x00000006cd700000|  0%| F|  |TS  0|AC  0|TAMS 0x00000006cd600000, 0x00000006cd600000|
| 203|0x00000006cd700000, 0x00000006cd700000, 0x00000006cd800000|  0%| F|  |TS  0|AC  0|TAMS 0x00000006cd700000, 0x00000006cd700000|
| 204|0x00000006cd800000, 0x00000006cd800000, 0x00000006cd900000|  0%| F|  |TS  0|AC  0|TAMS 0x00000006cd800000, 0x00000006cd800000|
| 205|0x00000006cd900000, 0x00000006cd900000, 0x00000006cda00000|  0%| F|  |TS  0|AC  0|TAMS 0x00000006cd900000, 0x00000006cd900000|
| 206|0x00000006cda00000, 0x00000006cda00000, 0x00000006cdb00000|  0%| F|  |TS  0|AC  0|TAMS 0x00000006cda00000, 0x00000006cda00000|
| 207|0x00000006cdb00000, 0x00000006cdb00000, 0x00000006cdc00000|  0%| F|  |TS  0|AC  0|TAMS 0x00000006cdb00000, 0x00000006cdb00000|
| 208|0x00000006cdc00000, 0x00000006cdc00000, 0x00000006cdd00000|  0%| F|  |TS  0|AC  0|TAMS 0x00000006cdc00000, 0x00000006cdc00000|
| 209|0x00000006cdd00000, 0x00000006cdd00000, 0x00000006cde00000|  0%| F|  |TS  0|AC  0|TAMS 0x00000006cdd00000, 0x00000006cdd00000|
| 210|0x00000006cde00000, 0x00000006cde00000, 0x00000006cdf00000|  0%| F|  |TS  0|AC  0|TAMS 0x00000006cde00000, 0x00000006cde00000|
| 211|0x00000006cdf00000, 0x00000006cdf00000, 0x00000006ce000000|  0%| F|  |TS  0|AC  0|TAMS 0x00000006cdf00000, 0x00000006cdf00000|
| 212|0x00000006ce000000, 0x00000006ce000000, 0x00000006ce100000|  0%| F|  |TS  0|AC  0|TAMS 0x00000006ce000000, 0x00000006ce000000|
| 213|0x00000006ce100000, 0x00000006ce100000, 0x00000006ce200000|  0%| F|  |TS  0|AC  0|TAMS 0x00000006ce100000, 0x00000006ce100000|
| 214|0x00000006ce200000, 0x00000006ce200000, 0x00000006ce300000|  0%| F|  |TS  0|AC  0|TAMS 0x00000006ce200000, 0x00000006ce200000|
| 215|0x00000006ce300000, 0x00000006ce300000, 0x00000006ce400000|  0%| F|  |TS  0|AC  0|TAMS 0x00000006ce300000, 0x00000006ce300000|
| 216|0x00000006ce400000, 0x00000006ce400000, 0x00000006ce500000|  0%| F|  |TS  0|AC  0|TAMS 0x00000006ce400000, 0x00000006ce400000|
| 217|0x00000006ce500000, 0x00000006ce500000, 0x00000006ce600000|  0%| F|  |TS  0|AC  0|TAMS 0x00000006ce500000, 0x00000006ce500000|
| 218|0x00000006ce600000, 0x00000006ce600000, 0x00000006ce700000|  0%| F|  |TS  0|AC  0|TAMS 0x00000006ce600000, 0x00000006ce600000|
| 219|0x00000006ce700000, 0x00000006ce700000, 0x00000006ce800000|  0%| F|  |TS  0|AC  0|TAMS 0x00000006ce700000, 0x00000006ce700000|
| 220|0x00000006ce800000, 0x00000006ce800000, 0x00000006ce900000|  0%| F|  |TS  0|AC  0|TAMS 0x00000006ce800000, 0x00000006ce800000|
| 221|0x00000006ce900000, 0x00000006ce900000, 0x00000006cea00000|  0%| F|  |TS  0|AC  0|TAMS 0x00000006ce900000, 0x00000006ce900000|
| 222|0x00000006cea00000, 0x00000006cea00000, 0x00000006ceb00000|  0%| F|  |TS  0|AC  0|TAMS 0x00000006cea00000, 0x00000006cea00000|
| 223|0x00000006ceb00000, 0x00000006ceb00000, 0x00000006cec00000|  0%| F|  |TS  0|AC  0|TAMS 0x00000006ceb00000, 0x00000006ceb00000|
| 224|0x00000006cec00000, 0x00000006cec00000, 0x00000006ced00000|  0%| F|  |TS  0|AC  0|TAMS 0x00000006cec00000, 0x00000006cec00000|
| 225|0x00000006ced00000, 0x00000006ced00000, 0x00000006cee00000|  0%| F|  |TS  0|AC  0|TAMS 0x00000006ced00000, 0x00000006ced00000|
| 226|0x00000006cee00000, 0x00000006cee00000, 0x00000006cef00000|  0%| F|  |TS  0|AC  0|TAMS 0x00000006cee00000, 0x00000006cee00000|
| 227|0x00000006cef00000, 0x00000006cef00000, 0x00000006cf000000|  0%| F|  |TS  0|AC  0|TAMS 0x00000006cef00000, 0x00000006cef00000|
| 228|0x00000006cf000000, 0x00000006cf000000, 0x00000006cf100000|  0%| F|  |TS  0|AC  0|TAMS 0x00000006cf000000, 0x00000006cf000000|
| 229|0x00000006cf100000, 0x00000006cf200000, 0x00000006cf200000|100%| S|CS|TS  1|AC  0|TAMS 0x00000006cf100000, 0x00000006cf100000|
| 230|0x00000006cf200000, 0x00000006cf300000, 0x00000006cf300000|100%| S|CS|TS  1|AC  0|TAMS 0x00000006cf200000, 0x00000006cf200000|
| 231|0x00000006cf300000, 0x00000006cf400000, 0x00000006cf400000|100%| S|CS|TS  1|AC  0|TAMS 0x00000006cf300000, 0x00000006cf300000|
| 232|0x00000006cf400000, 0x00000006cf400000, 0x00000006cf500000|  0%| F|  |TS  1|AC  0|TAMS 0x00000006cf400000, 0x00000006cf400000|
| 233|0x00000006cf500000, 0x00000006cf500000, 0x00000006cf600000|  0%| F|  |TS  1|AC  0|TAMS 0x00000006cf500000, 0x00000006cf500000|
| 234|0x00000006cf600000, 0x00000006cf600000, 0x00000006cf700000|  0%| F|  |TS  1|AC  0|TAMS 0x00000006cf600000, 0x00000006cf600000|
| 235|0x00000006cf700000, 0x00000006cf700000, 0x00000006cf800000|  0%| F|  |TS  1|AC  0|TAMS 0x00000006cf700000, 0x00000006cf700000|
| 236|0x00000006cf800000, 0x00000006cf800000, 0x00000006cf900000|  0%| F|  |TS  1|AC  0|TAMS 0x00000006cf800000, 0x00000006cf800000|
| 237|0x00000006cf900000, 0x00000006cf900000, 0x00000006cfa00000|  0%| F|  |TS  1|AC  0|TAMS 0x00000006cf900000, 0x00000006cf900000|
| 238|0x00000006cfa00000, 0x00000006cfa00000, 0x00000006cfb00000|  0%| F|  |TS  1|AC  0|TAMS 0x00000006cfa00000, 0x00000006cfa00000|
| 239|0x00000006cfb00000, 0x00000006cfb00000, 0x00000006cfc00000|  0%| F|  |TS  1|AC  0|TAMS 0x00000006cfb00000, 0x00000006cfb00000|
| 240|0x00000006cfc00000, 0x00000006cfc00000, 0x00000006cfd00000|  0%| F|  |TS  1|AC  0|TAMS 0x00000006cfc00000, 0x00000006cfc00000|
| 241|0x00000006cfd00000, 0x00000006cfd00000, 0x00000006cfe00000|  0%| F|  |TS  1|AC  0|TAMS 0x00000006cfd00000, 0x00000006cfd00000|
| 242|0x00000006cfe00000, 0x00000006cfe00000, 0x00000006cff00000|  0%| F|  |TS  1|AC  0|TAMS 0x00000006cfe00000, 0x00000006cfe00000|
| 243|0x00000006cff00000, 0x00000006cff00000, 0x00000006d0000000|  0%| F|  |TS  1|AC  0|TAMS 0x00000006cff00000, 0x00000006cff00000|
| 244|0x00000006d0000000, 0x00000006d0000000, 0x00000006d0100000|  0%| F|  |TS  1|AC  0|TAMS 0x00000006d0000000, 0x00000006d0000000|
| 245|0x00000006d0100000, 0x00000006d0100000, 0x00000006d0200000|  0%| F|  |TS  1|AC  0|TAMS 0x00000006d0100000, 0x00000006d0100000|
| 246|0x00000006d0200000, 0x00000006d0200000, 0x00000006d0300000|  0%| F|  |TS  1|AC  0|TAMS 0x00000006d0200000, 0x00000006d0200000|
| 247|0x00000006d0300000, 0x00000006d0300000, 0x00000006d0400000|  0%| F|  |TS  1|AC  0|TAMS 0x00000006d0300000, 0x00000006d0300000|
| 248|0x00000006d0400000, 0x00000006d0400000, 0x00000006d0500000|  0%| F|  |TS  1|AC  0|TAMS 0x00000006d0400000, 0x00000006d0400000|
| 249|0x00000006d0500000, 0x00000006d0580800, 0x00000006d0600000| 50%| E|  |TS  1|AC  0|TAMS 0x00000006d0500000, 0x00000006d0500000|
| 250|0x00000006d0600000, 0x00000006d0700000, 0x00000006d0700000|100%| E|CS|TS  1|AC  0|TAMS 0x00000006d0600000, 0x00000006d0600000|
| 251|0x00000006d0700000, 0x00000006d0800000, 0x00000006d0800000|100%| E|CS|TS  1|AC  0|TAMS 0x00000006d0700000, 0x00000006d0700000|
| 252|0x00000006d0800000, 0x00000006d0900000, 0x00000006d0900000|100%| E|CS|TS  1|AC  0|TAMS 0x00000006d0800000, 0x00000006d0800000|
| 253|0x00000006d0900000, 0x00000006d0a00000, 0x00000006d0a00000|100%| E|CS|TS  1|AC  0|TAMS 0x00000006d0900000, 0x00000006d0900000|
| 254|0x00000006d0a00000, 0x00000006d0b00000, 0x00000006d0b00000|100%| E|CS|TS  1|AC  0|TAMS 0x00000006d0a00000, 0x00000006d0a00000|
| 255|0x00000006d0b00000, 0x00000006d0c00000, 0x00000006d0c00000|100%| E|CS|TS  1|AC  0|TAMS 0x00000006d0b00000, 0x00000006d0b00000|

Card table byte_map: [0x000001e6f2b40000,0x000001e6f3340000] byte_map_base: 0x000001e6ef53a000

Marking Bits (Prev, Next): (CMBitMap*) 0x000001e6db393e10, (CMBitMap*) 0x000001e6db393e48
 Prev Bits: [0x000001e6f3b40000, 0x000001e6f7b10000)
 Next Bits: [0x000001e6f7b10000, 0x000001e6fbae0000)

Polling page: 0x000001e6d8cd0000

CodeHeap 'non-profiled nmethods': size=119168Kb used=807Kb max_used=807Kb free=118360Kb
 bounds [0x000001e6ea650000, 0x000001e6ea8c0000, 0x000001e6f1ab0000]
CodeHeap 'profiled nmethods': size=119168Kb used=3506Kb max_used=3506Kb free=115661Kb
 bounds [0x000001e6e31f0000, 0x000001e6e3560000, 0x000001e6ea650000]
CodeHeap 'non-nmethods': size=7424Kb used=2935Kb max_used=2961Kb free=4488Kb
 bounds [0x000001e6e2ab0000, 0x000001e6e2db0000, 0x000001e6e31f0000]
 total_blobs=2882 nmethods=1884 adapters=547
 compilation: enabled

Compilation events (10 events):
Event: 2324.570 Thread 0x000001e6ff5eb000 1861  s    3       java.util.Stack::peek (25 bytes)
Event: 2324.570 Thread 0x000001e6ff5e2800 1862       3       javax.swing.text.StyleContext$NamedStyle::fireStateChanged (68 bytes)
Event: 2324.570 Thread 0x000001e6ff5eb000 nmethod 1861 0x000001e6e3551110 code [0x000001e6e3551300, 0x000001e6e3551940]
Event: 2324.571 Thread 0x000001e6ff606000 1863       1       java.awt.geom.Rectangle2D$Float::getWidth (6 bytes)
Event: 2324.571 Thread 0x000001e6ff606000 nmethod 1863 0x000001e6ea717a10 code [0x000001e6ea717bc0, 0x000001e6ea717cd8]
Event: 2324.572 Thread 0x000001e6ff5b9800 1864       1       java.util.Arrays$ArrayList::size (6 bytes)
Event: 2324.813 Thread 0x000001e6ff5e2800 nmethod 1862 0x000001e6e3551a90 code [0x000001e6e3551ca0, 0x000001e6e3552430]
Event: 2324.813 Thread 0x000001e6ff52f800 1866       4       java.util.ArrayList::add (25 bytes)
Event: 2324.813 Thread 0x000001e6ff5b9800 nmethod 1864 0x000001e6ea717d90 code [0x000001e6ea717f40, 0x000001e6ea718058]
Event: 2324.814 Thread 0x000001e6ff523000 1865       4       sun.awt.SunHints$Value::hashCode (5 bytes)

GC Heap History (2 events):
Event: 2.454 GC heap before
{Heap before GC invocations=0 (full 0):
 garbage-first heap   total 262144K, used 24576K [0x00000006c0c00000, 0x00000007c0000000)
  region size 1024K, 24 young (24576K), 0 survivors (0K)
 Metaspace       used 16461K, capacity 16908K, committed 17280K, reserved 1064960K
  class space    used 1937K, capacity 2156K, committed 2176K, reserved 1048576K
}
Event: 2.457 GC heap after
{Heap after GC invocations=1 (full 0):
 garbage-first heap   total 262144K, used 4204K [0x00000006c0c00000, 0x00000007c0000000)
  region size 1024K, 3 young (3072K), 3 survivors (3072K)
 Metaspace       used 16461K, capacity 16908K, committed 17280K, reserved 1064960K
  class space    used 1937K, capacity 2156K, committed 2176K, reserved 1048576K
}

Deoptimization events (10 events):
Event: 2.464 Thread 0x000001e684aba800 Uncommon trap: reason=class_check action=maybe_recompile pc=0x000001e6ea6c480c method=java.util.HashMap.putVal(ILjava/lang/Object;Ljava/lang/Object;ZZ)Ljava/lang/Object; @ 253 c2
Event: 2.465 Thread 0x000001e684aba800 Uncommon trap: reason=class_check action=maybe_recompile pc=0x000001e6ea6698ec method=java.lang.String.equals(Ljava/lang/Object;)Z @ 8 c2
Event: 2.465 Thread 0x000001e684aba800 Uncommon trap: reason=class_check action=maybe_recompile pc=0x000001e6ea6698ec method=java.lang.String.equals(Ljava/lang/Object;)Z @ 8 c2
Event: 2.466 Thread 0x000001e684aba800 Uncommon trap: reason=class_check action=maybe_recompile pc=0x000001e6ea6698ec method=java.lang.String.equals(Ljava/lang/Object;)Z @ 8 c2
Event: 2.467 Thread 0x000001e684aba800 Uncommon trap: reason=class_check action=maybe_recompile pc=0x000001e6ea6698ec method=java.lang.String.equals(Ljava/lang/Object;)Z @ 8 c2
Event: 2.479 Thread 0x000001e684aba800 Uncommon trap: reason=unstable_if action=reinterpret pc=0x000001e6ea6bca44 method=java.nio.Buffer.limit(I)Ljava/nio/Buffer; @ 45 c2
Event: 3.229 Thread 0x000001e684c56800 Uncommon trap: reason=unstable_if action=reinterpret pc=0x000001e6ea6b9178 method=java.io.WinNTFileSystem.normalize(Ljava/lang/String;)Ljava/lang/String; @ 40 c2
Event: 17.196 Thread 0x000001e684c01800 Uncommon trap: reason=intrinsic_or_type_checked_inlining action=make_not_entrant pc=0x000001e6ea713ddc method=java.util.Arrays.copyOf([Ljava/lang/Object;ILjava/lang/Class;)[Ljava/lang/Object; @ 36 c2
Event: 510.692 Thread 0x000001e684c01800 Uncommon trap: reason=class_check action=make_not_entrant pc=0x000001e6ea7150e4 method=java.util.ArrayList.toArray([Ljava/lang/Object;)[Ljava/lang/Object; @ 21 c2
Event: 2323.408 Thread 0x000001e684c01800 Uncommon trap: reason=intrinsic_or_type_checked_inlining action=make_not_entrant pc=0x000001e6ea715af4 method=java.util.ArrayList.toArray([Ljava/lang/Object;)[Ljava/lang/Object; @ 36 c2

Classes redefined (0 events):
No events

Internal exceptions (10 events):
Event: 0.554 Thread 0x000001e684aba800 Exception <a 'java/lang/NoSuchMethodError'{0x00000006d025a278}: java.lang.invoke.DirectMethodHandle$Holder.invokeStatic(Ljava/lang/Object;Ljava/lang/Object;Ljava/lang/Object;Ljava/lang/Object;Ljava/lang/Object;Ljava/lang/Object;Ljava/lang/Object;Ljava/lan
Event: 2.096 Thread 0x000001e684aba800 Implicit null exception at 0x000001e6ea6bcda5 to 0x000001e6ea6bce92
Event: 2.457 Thread 0x000001e684aba800 Implicit null exception at 0x000001e6ea6eda93 to 0x000001e6ea6ee252
Event: 2.460 Thread 0x000001e684aba800 Exception <a 'java/lang/NoSuchMethodError'{0x00000006d0b18358}: java.lang.invoke.DirectMethodHandle$Holder.invokeSpecial(Ljava/lang/Object;Ljava/lang/Object;IILjava/lang/Object;Ljava/lang/Object;Ljava/lang/Object;Ljava/lang/Object;)Ljava/lang/Object;> (0x
Event: 2.460 Thread 0x000001e684aba800 Exception <a 'java/lang/NoSuchMethodError'{0x00000006d0b1bef8}: java.lang.invoke.DelegatingMethodHandle$Holder.reinvoke_L(Ljava/lang/Object;IILjava/lang/Object;Ljava/lang/Object;Ljava/lang/Object;Ljava/lang/Object;)Ljava/lang/Object;> (0x00000006d0b1bef8)
Event: 2.461 Thread 0x000001e684aba800 Exception <a 'java/lang/NoSuchMethodError'{0x00000006d0b544e8}: java.lang.invoke.DirectMethodHandle$Holder.invokeStatic(Ljava/lang/Object;Ljava/lang/Object;Ljava/lang/Object;Ljava/lang/Object;Ljava/lang/Object;Ljava/lang/Object;Ljava/lang/Object;Ljava/lan
Event: 2.462 Thread 0x000001e684aba800 Exception <a 'java/lang/NoSuchMethodError'{0x00000006d0b738f8}: java.lang.invoke.DirectMethodHandle$Holder.invokeStatic(Ljava/lang/Object;Ljava/lang/Object;Ljava/lang/Object;Ljava/lang/Object;Ljava/lang/Object;Ljava/lang/Object;Ljava/lang/Object;Ljava/lan
Event: 2.463 Thread 0x000001e684aba800 Exception <a 'java/lang/NoSuchMethodError'{0x00000006d0a13948}: method resolution failed> (0x00000006d0a13948) thrown at [t:/workspace/open/src/hotspot/share/prims/methodHandles.cpp, line 1226]
Event: 2.464 Thread 0x000001e684aba800 Exception <a 'java/lang/NoSuchMethodError'{0x00000006d0a35498}: method resolution failed> (0x00000006d0a35498) thrown at [t:/workspace/open/src/hotspot/share/prims/methodHandles.cpp, line 1226]
Event: 3.229 Thread 0x000001e684c56800 Exception <a 'java/io/FileNotFoundException'{0x00000006d0700168}> (0x00000006d0700168) thrown at [t:/workspace/open/src/hotspot/share/prims/jni.cpp, line 611]

Events (10 events):
Event: 2324.173 loading class sun/awt/image/BufImgSurfaceData
Event: 2324.173 loading class sun/awt/image/BufImgSurfaceData done
Event: 2324.173 loading class sun/awt/image/BufImgSurfaceData$ICMColorData
Event: 2324.173 loading class sun/awt/image/BufImgSurfaceData$ICMColorData done
Event: 2324.173 loading class sun/java2d/loops/RenderLoops
Event: 2324.174 loading class sun/java2d/loops/RenderLoops done
Event: 2324.176 Executing VM operation: RevokeBias
Event: 2324.176 Executing VM operation: RevokeBias done
Event: 2324.176 loading class javax/swing/RepaintManager$DisplayChangedRunnable
Event: 2324.176 loading class javax/swing/RepaintManager$DisplayChangedRunnable done


Dynamic libraries:
0x00007ff68ac00000 - 0x00007ff68ac3e000 	C:\Program Files\Java\jre-10.0.2\bin\javaw.exe
0x00007ff90d8a0000 - 0x00007ff90da90000 	C:\Windows\SYSTEM32\ntdll.dll
0x00007ff90d5f0000 - 0x00007ff90d6a2000 	C:\Windows\System32\KERNEL32.DLL
0x00007ff90aa10000 - 0x00007ff90acb4000 	C:\Windows\System32\KERNELBASE.dll
0x00007ff90cb00000 - 0x00007ff90cba3000 	C:\Windows\System32\ADVAPI32.dll
0x00007ff90d6b0000 - 0x00007ff90d74e000 	C:\Windows\System32\msvcrt.dll
0x00007ff90d750000 - 0x00007ff90d7e7000 	C:\Windows\System32\sechost.dll
0x00007ff90bb40000 - 0x00007ff90bc60000 	C:\Windows\System32\RPCRT4.dll
0x00007ff90c960000 - 0x00007ff90caf4000 	C:\Windows\System32\USER32.dll
0x00007ff90b680000 - 0x00007ff90b6a1000 	C:\Windows\System32\win32u.dll
0x00007ff90c220000 - 0x00007ff90c246000 	C:\Windows\System32\GDI32.dll
0x00007ff90b4e0000 - 0x00007ff90b674000 	C:\Windows\System32\gdi32full.dll
0x00007ff90acc0000 - 0x00007ff90ad5e000 	C:\Windows\System32\msvcp_win.dll
0x00007ff90b830000 - 0x00007ff90b92a000 	C:\Windows\System32\ucrtbase.dll
0x00007ff8f9830000 - 0x00007ff8f9ab4000 	C:\Windows\WinSxS\amd64_microsoft.windows.common-controls_6595b64144ccf1df_6.0.18362.836_none_e6c4b943130f18ed\COMCTL32.dll
0x00007ff903cc0000 - 0x00007ff903cca000 	C:\Windows\SYSTEM32\VERSION.dll
0x00007ff90bee0000 - 0x00007ff90c216000 	C:\Windows\System32\combase.dll
0x00007ff90a990000 - 0x00007ff90aa10000 	C:\Windows\System32\bcryptPrimitives.dll
0x00007ff90cd70000 - 0x00007ff90cd9e000 	C:\Windows\System32\IMM32.DLL
0x00007ff8d8e60000 - 0x00007ff8d8f4f000 	C:\Program Files\Java\jre-10.0.2\bin\msvcr120.dll
0x00007ff8ec040000 - 0x00007ff8ec0e6000 	C:\Program Files\Java\jre-10.0.2\bin\msvcp120.dll
0x0000000075a60000 - 0x00000000764d0000 	C:\Program Files\Java\jre-10.0.2\bin\server\jvm.dll
0x00007ff90d580000 - 0x00007ff90d588000 	C:\Windows\System32\PSAPI.DLL
0x00007ff8f74f0000 - 0x00007ff8f74f9000 	C:\Windows\SYSTEM32\WSOCK32.dll
0x00007ff90d7f0000 - 0x00007ff90d85f000 	C:\Windows\System32\WS2_32.dll
0x00007ff908270000 - 0x00007ff908294000 	C:\Windows\SYSTEM32\WINMM.dll
0x00007ff908060000 - 0x00007ff90808d000 	C:\Windows\SYSTEM32\winmmbase.dll
0x00007ff90a830000 - 0x00007ff90a87a000 	C:\Windows\System32\cfgmgr32.dll
0x00007ff906e00000 - 0x00007ff906e0f000 	C:\Program Files\Java\jre-10.0.2\bin\verify.dll
0x00007ff8f7a30000 - 0x00007ff8f7c24000 	C:\Windows\SYSTEM32\DBGHELP.DLL
0x00007ff8f78b0000 - 0x00007ff8f78da000 	C:\Windows\SYSTEM32\dbgcore.DLL
0x00007ff8f2260000 - 0x00007ff8f2287000 	C:\Program Files\Java\jre-10.0.2\bin\java.dll
0x00007ff8f9360000 - 0x00007ff8f9376000 	C:\Program Files\Java\jre-10.0.2\bin\zip.dll
0x00007ff8fc6d0000 - 0x00007ff8fc6da000 	C:\Program Files\Java\jre-10.0.2\bin\jimage.dll
0x00007ff90cdc0000 - 0x00007ff90d4a4000 	C:\Windows\System32\SHELL32.dll
0x00007ff90cc10000 - 0x00007ff90ccb9000 	C:\Windows\System32\shcore.dll
0x00007ff90ad60000 - 0x00007ff90b4de000 	C:\Windows\System32\windows.storage.dll
0x00007ff90a7b0000 - 0x00007ff90a7d3000 	C:\Windows\System32\profapi.dll
0x00007ff90a7e0000 - 0x00007ff90a82a000 	C:\Windows\System32\powrprof.dll
0x00007ff90a760000 - 0x00007ff90a770000 	C:\Windows\System32\UMPDC.dll
0x00007ff90d590000 - 0x00007ff90d5e2000 	C:\Windows\System32\shlwapi.dll
0x00007ff90a770000 - 0x00007ff90a781000 	C:\Windows\System32\kernel.appcore.dll
0x00007ff90b930000 - 0x00007ff90b947000 	C:\Windows\System32\cryptsp.dll
0x00007ff8f6b40000 - 0x00007ff8f6b5a000 	C:\Program Files\Java\jre-10.0.2\bin\net.dll
0x00007ff8fdaf0000 - 0x00007ff8fdbe0000 	C:\Windows\SYSTEM32\WINHTTP.dll
0x00007ff909fd0000 - 0x00007ff90a037000 	C:\Windows\system32\mswsock.dll
0x00007ff8f69e0000 - 0x00007ff8f69f1000 	C:\Program Files\Java\jre-10.0.2\bin\nio.dll
0x00007ff8ad580000 - 0x00007ff8ad71b000 	C:\Program Files\Java\jre-10.0.2\bin\awt.dll
0x00007ff90d4b0000 - 0x00007ff90d574000 	C:\Windows\System32\OLEAUT32.dll
0x00007ff9073e0000 - 0x00007ff9079a0000 	C:\Windows\SYSTEM32\d2d1.dll
0x00007ff908900000 - 0x00007ff90898f000 	C:\Windows\SYSTEM32\apphelp.dll
0x00007ff908f00000 - 0x00007ff908f2d000 	C:\Windows\system32\DWMAPI.DLL
0x00007ff908ad0000 - 0x00007ff908b69000 	C:\Windows\system32\uxtheme.dll
0x00007ff8cfe20000 - 0x00007ff8cff76000 	C:\Windows\system32\opengl32.dll
0x00007ff8f95c0000 - 0x00007ff8f95ec000 	C:\Windows\SYSTEM32\GLU32.dll
0x00007ff9093d0000 - 0x00007ff9093f0000 	C:\Windows\SYSTEM32\dxcore.dll
0x00007ff90bd30000 - 0x00007ff90be66000 	C:\Windows\System32\MSCTF.dll
0x00007ff8ade10000 - 0x00007ff8adf26000 	D:\Bandicam\bdcam64.dll
0x00007ff8f9620000 - 0x00007ff8f9658000 	C:\Windows\system32\IMGSF50Filter_x64.dll
0x00007ff90b950000 - 0x00007ff90baa7000 	C:\Windows\System32\ole32.dll
0x0000000050820000 - 0x00000000508f3000 	C:\Windows\WinSxS\amd64_microsoft.vc90.crt_1fc8b3b9a1e18e3b_9.0.30729.9619_none_08e065a3a84109b0\MSVCP90.dll
0x0000000050770000 - 0x0000000050813000 	C:\Windows\WinSxS\amd64_microsoft.vc90.crt_1fc8b3b9a1e18e3b_9.0.30729.9619_none_08e065a3a84109b0\MSVCR90.dll
0x00007ff8ed5e0000 - 0x00007ff8ed7a7000 	C:\Windows\system32\d3d9.dll
0x00007ff901d80000 - 0x00007ff901e6f000 	C:\Windows\System32\DriverStore\FileRepository\nv_dispi.inf_amd64_fd5965e649b796e5\nvldumdx.dll
0x00007ff90b6b0000 - 0x00007ff90b7f9000 	C:\Windows\System32\crypt32.dll
0x00007ff90a790000 - 0x00007ff90a7a2000 	C:\Windows\System32\MSASN1.dll
0x00007ff903b60000 - 0x00007ff903b8f000 	C:\Windows\SYSTEM32\cryptnet.dll
0x00007ff90a1a0000 - 0x00007ff90a1ac000 	C:\Windows\SYSTEM32\cryptbase.dll
0x00007ff90a930000 - 0x00007ff90a98c000 	C:\Windows\System32\WINTRUST.DLL
0x00007ff90cda0000 - 0x00007ff90cdbd000 	C:\Windows\System32\imagehlp.dll
0x00007ff909b40000 - 0x00007ff909b73000 	C:\Windows\system32\rsaenh.dll
0x00007ff90b800000 - 0x00007ff90b826000 	C:\Windows\System32\bcrypt.dll
0x00007ff8df5b0000 - 0x00007ff8e0ab7000 	C:\Windows\System32\DriverStore\FileRepository\nv_dispi.inf_amd64_fd5965e649b796e5\nvd3dumx.dll
0x00007ff8c9e30000 - 0x00007ff8ca0f4000 	C:\Windows\system32\nvspcap64.dll
0x00007ff9097c0000 - 0x00007ff9097f1000 	C:\Windows\SYSTEM32\ntmarta.dll
0x00007ff909380000 - 0x00007ff9093a2000 	C:\Windows\SYSTEM32\gpapi.dll
0x00007ff8f0430000 - 0x00007ff8f0495000 	C:\Program Files\Java\jre-10.0.2\bin\fontmanager.dll
0x00007ff90ccc0000 - 0x00007ff90cd62000 	C:\Windows\System32\clbcatq.dll
0x00007ff9055e0000 - 0x00007ff90578f000 	C:\Windows\SYSTEM32\WindowsCodecs.dll
0x00007ff8dacf0000 - 0x00007ff8dad2a000 	C:\Windows\system32\dataexchange.dll
0x00007ff9079a0000 - 0x00007ff907bfb000 	C:\Windows\system32\d3d11.dll
0x00007ff908090000 - 0x00007ff90826c000 	C:\Windows\system32\dcomp.dll
0x00007ff909460000 - 0x00007ff90954b000 	C:\Windows\system32\dxgi.dll
0x00007ff908ba0000 - 0x00007ff908e01000 	C:\Windows\system32\twinapi.appcore.dll
0x00007ff908f30000 - 0x00007ff908f59000 	C:\Windows\system32\RMCLIENT.dll
0x00007ff901b80000 - 0x00007ff901c1e000 	C:\Windows\System32\TextInputFramework.dll
0x00007ff905960000 - 0x00007ff905c8a000 	C:\Windows\System32\CoreUIComponents.dll
0x00007ff9082a0000 - 0x00007ff908374000 	C:\Windows\System32\CoreMessaging.dll
0x00007ff906050000 - 0x00007ff9061a3000 	C:\Windows\SYSTEM32\wintypes.dll
0x00007ff8f1da0000 - 0x00007ff8f1de2000 	C:\Program Files\Java\jre-10.0.2\bin\t2k.dll
0x00007ff901750000 - 0x00007ff9019f6000 	C:\Windows\System32\iertutil.dll
0x00007ff8ea5f0000 - 0x00007ff8ea6bf000 	C:\Windows\System32\IME\IMEKR\imkrtip.dll
0x00007ff907110000 - 0x00007ff907200000 	C:\Windows\SYSTEM32\PROPSYS.dll
0x00007ff8ea4b0000 - 0x00007ff8ea5e9000 	C:\Windows\System32\IME\shared\imetip.dll
0x00007ff8ea2f0000 - 0x00007ff8ea4a3000 	C:\Windows\SYSTEM32\DUI70.dll
0x00007ff8f9ec0000 - 0x00007ff8f9f25000 	C:\Windows\SYSTEM32\OLEACC.dll
0x00007ff8ea2b0000 - 0x00007ff8ea2ed000 	C:\Windows\System32\IME\IMEKR\imkrapi.dll
0x00007ff8ea270000 - 0x00007ff8ea2ac000 	C:\Windows\System32\IME\shared\imjkapi.dll
0x00007ff909d20000 - 0x00007ff909deb000 	C:\Windows\SYSTEM32\DNSAPI.dll
0x00007ff90bab0000 - 0x00007ff90bab8000 	C:\Windows\System32\NSI.dll
0x00007ff909ce0000 - 0x00007ff909d1a000 	C:\Windows\SYSTEM32\IPHLPAPI.DLL
0x00007ff903cf0000 - 0x00007ff903cfa000 	C:\Windows\System32\rasadhlp.dll
0x00007ff9041c0000 - 0x00007ff904237000 	C:\Windows\System32\fwpuclnt.dll

dbghelp: loaded successfully - version: 4.0.5 - missing functions: none
symbol engine: initialized successfully - sym options: 0x614 - pdb path: .;C:\Program Files\Java\jre-10.0.2\bin;C:\Windows\SYSTEM32;C:\Windows\WinSxS\amd64_microsoft.windows.common-controls_6595b64144ccf1df_6.0.18362.836_none_e6c4b943130f18ed;C:\Program Files\Java\jre-10.0.2\bin\server;D:\Bandicam;C:\Windows\WinSxS\amd64_microsoft.vc90.crt_1fc8b3b9a1e18e3b_9.0.30729.9619_none_08e065a3a84109b0;C:\Windows\System32\DriverStore\FileRepository\nv_dispi.inf_amd64_fd5965e649b796e5;C:\Windows\System32\IME\IMEKR;C:\Windows\System32\IME\shared

VM Arguments:
jvm_args: -Dfile.encoding=UTF-8 
java_command: Operator
java_class_path (initial): C:\Users\±èÁ¾±Ô\git\WeatherPJ\bin;D:\Download\json-simple-1.1.1.jar
Launcher Type: SUN_STANDARD

Logging:
Log output configuration:
#0: stdout all=warning uptime,level,tags
#1: stderr all=off uptime,level,tags

Environment Variables:
CLASSPATH=%JAVA_HOME%\lib
PATH=C:/Program Files/Java/jre1.8.0_201/bin/server;C:/Program Files/Java/jre1.8.0_201/bin;C:/Program Files/Java/jre1.8.0_201/lib/amd64;C:\Program Files (x86)\Common Files\Oracle\Java\javapath;C:\Windows\system32;C:\Windows;C:\Windows\System32\Wbem;C:\Windows\System32\WindowsPowerShell\v1.0\;C:\Windows\System32\OpenSSH\;C:\Program Files\NVIDIA Corporation\NVIDIA NGX;C:\Program Files (x86)\NVIDIA Corporation\PhysX\Common;C:\Program Files\Intel\WiFi\bin\;C:\Program Files\Common Files\Intel\WirelessCommon\;C:\Program Files\NVIDIA Corporation\NVIDIA NvDLISR;D:\¹Ö¹Ö\;C:\Program Files\Git\cmd;%JAVA_HOME%\bin;C:\Users\±èÁ¾±Ô\AppData\Local\Programs\Python\Python37-32\Scripts\;C:\Users\±èÁ¾±Ô\AppData\Local\Programs\Python\Python37-32\;C:\Users\±èÁ¾±Ô\AppData\Local\Microsoft\WindowsApps;C:\Users\±èÁ¾±Ô\Desktop\¹Ö¹Ö\°³¹ß\x86_64-8.1.0-release-posix-seh-rt_v6-rev0\mingw64\bin;D:\¹Ö¹Ö\Microsoft VS Code\bin;C:\Users\±èÁ¾±Ô\AppData\Local\atom\bin;C:\Program Files\Java\jre1.8.0_201;C:\Users\±èÁ¾±Ô\AppData\Local\GitHubDesktop\bin;C:\Windows\system32;
USERNAME=±èÁ¾±Ô
OS=Windows_NT
PROCESSOR_IDENTIFIER=AMD64 Family 23 Model 113 Stepping 0, AuthenticAMD



---------------  S Y S T E M  ---------------

OS: Windows 10 , 64 bit Build 18362 (10.0.18362.778)

CPU:total 16 (initial active 16) (16 cores per cpu, 2 threads per core) family 23 model 113 stepping 0, cmov, cx8, fxsr, mmx, sse, sse2, sse3, ssse3, sse4.1, sse4.2, popcnt, avx, avx2, aes, clmul, mmxext, 3dnowpref, lzcnt, sse4a, ht, tsc, tscinvbit, tscinv, bmi1, bmi2, adx, sha, fma

Memory: 4k page, physical 16725052k(2828608k free), swap 67056700k(3186816k free)

vm_info: Java HotSpot(TM) 64-Bit Server VM (10.0.2+13) for windows-amd64 JRE (10.0.2+13), built on Jun 28 2018 01:57:56 by "mach5one" with MS VC++ 12.0 (VS2013)

END.
