#
# There is insufficient memory for the Java Runtime Environment to continue.
# Native memory allocation (mmap) failed to map 268435456 bytes for Failed to commit area from 0x00000006c0c00000 to 0x00000006d0c00000 of length 268435456.
# Possible reasons:
#   The system is out of physical RAM or swap space
#   The process is running with CompressedOops enabled, and the Java Heap may be blocking the growth of the native heap
# Possible solutions:
#   Reduce memory load on the system
#   Increase physical memory or swap space
#   Check if swap backing store is full
#   Decrease Java heap size (-Xmx/-Xms)
#   Decrease number of Java threads
#   Decrease Java thread stack sizes (-Xss)
#   Set larger code cache with -XX:ReservedCodeCacheSize=
# This output file may be truncated or incomplete.
#
#  Out of Memory Error (t:/workspace/open/src/hotspot/os/windows/os_windows.cpp:3221), pid=70352, tid=17088
#
# JRE version:  (10.0.2+13) (build )
# Java VM: Java HotSpot(TM) 64-Bit Server VM (10.0.2+13, mixed mode, aot, tiered, compressed oops, g1 gc, windows-amd64)
# No core dump will be written. Minidumps are not enabled by default on client versions of Windows
#

---------------  S U M M A R Y ------------

Command Line: -Dfile.encoding=MS949 Operator

Host: AMD Ryzen 7 3700X 8-Core Processor             , 16 cores, 15G,  Windows 10 , 64 bit Build 18362 (10.0.18362.778)
Time: Wed May 27 22:24:18 2020 ¢•eCN©ˆI°æ©ˆ C°ÕA®™®ˆA elapsed time: 0 seconds (0d 0h 0m 0s)

---------------  T H R E A D  ---------------

Current thread (0x00000248d3fc1000):  JavaThread "Unknown thread" [_thread_in_vm, id=17088, stack(0x000000fb50600000,0x000000fb50700000)]

Stack: [0x000000fb50600000,0x000000fb50700000]
Native frames: (J=compiled Java code, j=interpreted, Vv=VM code, C=native code)
V  [jvm.dll+0x5a01a9]
V  [jvm.dll+0x6bcf31]
V  [jvm.dll+0x6be126]
V  [jvm.dll+0x6be7b3]
V  [jvm.dll+0x234978]
V  [jvm.dll+0x59dac4]
V  [jvm.dll+0x592825]
V  [jvm.dll+0x2f632b]
V  [jvm.dll+0x2f6295]
V  [jvm.dll+0x2f6172]
V  [jvm.dll+0x2f8366]
V  [jvm.dll+0x344293]
V  [jvm.dll+0x3449a6]
V  [jvm.dll+0x344393]
V  [jvm.dll+0x2c4628]
V  [jvm.dll+0x2c5771]
V  [jvm.dll+0x69d1db]
V  [jvm.dll+0x69e9fc]
V  [jvm.dll+0x3519e9]
V  [jvm.dll+0x6856a2]
V  [jvm.dll+0x3ba0c3]
V  [jvm.dll+0x3bc261]
C  [javaw.exe+0x3541]
C  [javaw.exe+0xe1cf]
C  [javaw.exe+0xe376]
C  [KERNEL32.DLL+0x17bd4]
C  [ntdll.dll+0x6ce51]


---------------  P R O C E S S  ---------------

Threads class SMR info:
_java_thread_list=0x00000248d1afc3d0, length=0, elements={
}

Java Threads: ( => current thread )

Other Threads:
  0x00000248d3fde000 GCTaskThread "GC Thread#0" [stack: 0x000000fb50700000,0x000000fb50800000] [id=50804]
  0x00000248d3fdf800 GCTaskThread "GC Thread#1" [stack: 0x000000fb50800000,0x000000fb50900000] [id=68828]
  0x00000248d3fe1800 GCTaskThread "GC Thread#2" [stack: 0x000000fb50900000,0x000000fb50a00000] [id=26948]
  0x00000248d3fe8000 GCTaskThread "GC Thread#3" [stack: 0x000000fb50a00000,0x000000fb50b00000] [id=69252]
  0x00000248d3fee000 GCTaskThread "GC Thread#4" [stack: 0x000000fb50b00000,0x000000fb50c00000] [id=69324]
  0x00000248d3fee800 GCTaskThread "GC Thread#5" [stack: 0x000000fb50c00000,0x000000fb50d00000] [id=69432]
  0x00000248d3ff1800 GCTaskThread "GC Thread#6" [stack: 0x000000fb50d00000,0x000000fb50e00000] [id=67624]
  0x00000248d3ff2800 GCTaskThread "GC Thread#7" [stack: 0x000000fb50e00000,0x000000fb50f00000] [id=61572]
  0x00000248d3ff3000 GCTaskThread "GC Thread#8" [stack: 0x000000fb50f00000,0x000000fb51000000] [id=68672]
  0x00000248d3ff4000 GCTaskThread "GC Thread#9" [stack: 0x000000fb51000000,0x000000fb51100000] [id=58780]
  0x00000248d3ff7000 GCTaskThread "GC Thread#10" [stack: 0x000000fb51100000,0x000000fb51200000] [id=64340]
  0x00000248d3ffa000 GCTaskThread "GC Thread#11" [stack: 0x000000fb51200000,0x000000fb51300000] [id=68928]
  0x00000248d4003000 GCTaskThread "GC Thread#12" [stack: 0x000000fb51300000,0x000000fb51400000] [id=65360]
  0x00000248d4050000 ConcurrentGCThread "G1 Main Marker" [stack: 0x000000fb51400000,0x000000fb51500000] [id=56912]
  0x00000248d4051000 ConcurrentGCThread "G1 Conc#0" [stack: 0x000000fb51500000,0x000000fb51600000] [id=38524]
  0x00000248d4062000 ConcurrentGCThread "G1 Conc#1" [stack: 0x000000fb51600000,0x000000fb51700000] [id=44148]
  0x00000248d4063000 ConcurrentGCThread "G1 Conc#2" [stack: 0x000000fb51700000,0x000000fb51800000] [id=33424]

[error occurred during error reporting (printing all threads), id 0xe0000002]

VM state:not at safepoint (not fully initialized)

VM Mutex/Monitor currently owned by a thread:  ([mutex/lock_event])
[0x00000248d3fc02a0] Heap_lock - owner thread: 0x00000248d3fc1000

Heap address: 0x00000006c0c00000, size: 4084 MB, Compressed Oops mode: Non-zero based: 0x00000006c0c00000
Narrow klass base: 0x0000000000000000, Narrow klass shift: 0

GC Heap History (0 events):
No events

Deoptimization events (0 events):
No events

Classes redefined (0 events):
No events

Internal exceptions (0 events):
No events

Events (0 events):
No events


Dynamic libraries:
0x00007ff7b3040000 - 0x00007ff7b307e000 	C:\Program Files\Java\jre-10.0.2\bin\javaw.exe
0x00007ff9e9ba0000 - 0x00007ff9e9d90000 	C:\Windows\SYSTEM32\ntdll.dll
0x00007ff9e8c20000 - 0x00007ff9e8cd2000 	C:\Windows\System32\KERNEL32.DLL
0x00007ff9e7220000 - 0x00007ff9e74c4000 	C:\Windows\System32\KERNELBASE.dll
0x00007ff9e8480000 - 0x00007ff9e8523000 	C:\Windows\System32\ADVAPI32.dll
0x00007ff9e9ac0000 - 0x00007ff9e9b5e000 	C:\Windows\System32\msvcrt.dll
0x00007ff9e9850000 - 0x00007ff9e98e7000 	C:\Windows\System32\sechost.dll
0x00007ff9e9500000 - 0x00007ff9e9620000 	C:\Windows\System32\RPCRT4.dll
0x00007ff9e7c50000 - 0x00007ff9e7de4000 	C:\Windows\System32\USER32.dll
0x00007ff9e6b30000 - 0x00007ff9e6b51000 	C:\Windows\System32\win32u.dll
0x00007ff9e8ce0000 - 0x00007ff9e8d06000 	C:\Windows\System32\GDI32.dll
0x00007ff9e7080000 - 0x00007ff9e7214000 	C:\Windows\System32\gdi32full.dll
0x00007ff9e6ce0000 - 0x00007ff9e6d7e000 	C:\Windows\System32\msvcp_win.dll
0x00007ff9e6f20000 - 0x00007ff9e701a000 	C:\Windows\System32\ucrtbase.dll
0x00007ff9d55c0000 - 0x00007ff9d5844000 	C:\Windows\WinSxS\amd64_microsoft.windows.common-controls_6595b64144ccf1df_6.0.18362.836_none_e6c4b943130f18ed\COMCTL32.dll
0x00007ff9e8030000 - 0x00007ff9e8366000 	C:\Windows\System32\combase.dll
0x00007ff9e6bb0000 - 0x00007ff9e6c30000 	C:\Windows\System32\bcryptPrimitives.dll
0x00007ff9e01c0000 - 0x00007ff9e01ca000 	C:\Windows\SYSTEM32\VERSION.dll
0x00007ff9e8000000 - 0x00007ff9e802e000 	C:\Windows\System32\IMM32.DLL
0x00007ff9a8ff0000 - 0x00007ff9a90df000 	C:\Program Files\Java\jre-10.0.2\bin\msvcr120.dll
0x00007ff9cfa00000 - 0x00007ff9cfaa6000 	C:\Program Files\Java\jre-10.0.2\bin\msvcp120.dll
0x00000000715b0000 - 0x0000000072020000 	C:\Program Files\Java\jre-10.0.2\bin\server\jvm.dll
0x00007ff9e8da0000 - 0x00007ff9e8da8000 	C:\Windows\System32\PSAPI.DLL
0x00007ff9d7630000 - 0x00007ff9d7639000 	C:\Windows\SYSTEM32\WSOCK32.dll
0x00007ff9e4570000 - 0x00007ff9e4594000 	C:\Windows\SYSTEM32\WINMM.dll
0x00007ff9e8ef0000 - 0x00007ff9e8f5f000 	C:\Windows\System32\WS2_32.dll
0x00007ff9e4540000 - 0x00007ff9e456d000 	C:\Windows\SYSTEM32\winmmbase.dll
0x00007ff9e6b60000 - 0x00007ff9e6baa000 	C:\Windows\System32\cfgmgr32.dll
0x00007ff9d4a70000 - 0x00007ff9d4a7f000 	C:\Program Files\Java\jre-10.0.2\bin\verify.dll
0x00007ff9d8090000 - 0x00007ff9d8284000 	C:\Windows\SYSTEM32\DBGHELP.DLL
0x00007ff9d7c00000 - 0x00007ff9d7c2a000 	C:\Windows\SYSTEM32\dbgcore.DLL
0x00007ff9d08f0000 - 0x00007ff9d0917000 	C:\Program Files\Java\jre-10.0.2\bin\java.dll
0x00007ff9d0aa0000 - 0x00007ff9d0ab6000 	C:\Program Files\Java\jre-10.0.2\bin\zip.dll
0x00007ff9d4a50000 - 0x00007ff9d4a5a000 	C:\Program Files\Java\jre-10.0.2\bin\jimage.dll

dbghelp: loaded successfully - version: 4.0.5 - missing functions: none
symbol engine: initialized successfully - sym options: 0x614 - pdb path: .;C:\Program Files\Java\jre-10.0.2\bin;C:\Windows\SYSTEM32;C:\Windows\WinSxS\amd64_microsoft.windows.common-controls_6595b64144ccf1df_6.0.18362.836_none_e6c4b943130f18ed;C:\Program Files\Java\jre-10.0.2\bin\server

VM Arguments:
jvm_args: -Dfile.encoding=MS949 
java_command: Operator
java_class_path (initial): C:\Users\±Ë¡æ±‘\eclipse-workspace\JavaWeatherPJ\bin
Launcher Type: SUN_STANDARD

Logging:
Log output configuration:
#0: stdout all=warning uptime,level,tags
#1: stderr all=off uptime,level,tags

Environment Variables:
CLASSPATH=%JAVA_HOME%\lib
PATH=C:/Program Files/Java/jre1.8.0_201/bin/server;C:/Program Files/Java/jre1.8.0_201/bin;C:/Program Files/Java/jre1.8.0_201/lib/amd64;C:\Program Files (x86)\Common Files\Oracle\Java\javapath;C:\Windows\system32;C:\Windows;C:\Windows\System32\Wbem;C:\Windows\System32\WindowsPowerShell\v1.0\;C:\Windows\System32\OpenSSH\;C:\Program Files\NVIDIA Corporation\NVIDIA NGX;C:\Program Files (x86)\NVIDIA Corporation\PhysX\Common;C:\Program Files\Intel\WiFi\bin\;C:\Program Files\Common Files\Intel\WirelessCommon\;C:\Program Files\NVIDIA Corporation\NVIDIA NvDLISR;D:\π÷π÷\;C:\Program Files\Git\cmd;%JAVA_HOME%\bin;C:\Users\±Ë¡æ±‘\AppData\Local\Programs\Python\Python37-32\Scripts\;C:\Users\±Ë¡æ±‘\AppData\Local\Programs\Python\Python37-32\;C:\Users\±Ë¡æ±‘\AppData\Local\Microsoft\WindowsApps;C:\Users\±Ë¡æ±‘\Desktop\π÷π÷\∞≥πﬂ\x86_64-8.1.0-release-posix-seh-rt_v6-rev0\mingw64\bin;D:\π÷π÷\Microsoft VS Code\bin;C:\Users\±Ë¡æ±‘\AppData\Local\atom\bin;C:\Program Files\Java\jre1.8.0_201;;C:\Windows\system32;
USERNAME=±Ë¡æ±‘
OS=Windows_NT
PROCESSOR_IDENTIFIER=AMD64 Family 23 Model 113 Stepping 0, AuthenticAMD



---------------  S Y S T E M  ---------------

OS: Windows 10 , 64 bit Build 18362 (10.0.18362.778)

CPU:total 16 (initial active 16) (16 cores per cpu, 2 threads per core) family 23 model 113 stepping 0, cmov, cx8, fxsr, mmx, sse, sse2, sse3, ssse3, sse4.1, sse4.2, popcnt, avx, avx2, aes, clmul, mmxext, 3dnowpref, lzcnt, sse4a, ht, tsc, tscinvbit, tscinv, bmi1, bmi2, adx, sha, fma

Memory: 4k page, physical 16725052k(1136596k free), swap 67056700k(168588k free)

vm_info: Java HotSpot(TM) 64-Bit Server VM (10.0.2+13) for windows-amd64 JRE (10.0.2+13), built on Jun 28 2018 01:57:56 by "mach5one" with MS VC++ 12.0 (VS2013)

END.
